{
  "stats": {
    "suites": 2,
    "tests": 11,
    "passes": 11,
    "pending": 0,
    "failures": 0,
    "start": "2026-02-10T16:41:47.743Z",
    "end": "2026-02-10T16:41:49.589Z",
    "duration": 1846,
    "testsRegistered": 11,
    "passPercent": 100,
    "pendingPercent": 0,
    "other": 0,
    "hasOther": false,
    "skipped": 0,
    "hasSkipped": false
  },
  "results": [
    {
      "uuid": "90fce595-5b79-4b41-b20b-216e8ca4532a",
      "title": "",
      "fullFile": "",
      "file": "",
      "beforeHooks": [
        {
          "title": "\"before all\" hook in \"{root}\"",
          "fullTitle": "\"before all\" hook in \"{root}\"",
          "timedOut": false,
          "duration": 302,
          "state": null,
          "speed": null,
          "pass": false,
          "fail": false,
          "pending": false,
          "context": null,
          "code": "token = await spec()\n  .post('/public/authUser')\n  .withJson({\n    email: 'admin@admin.com',\n    password: 'admin123'\n  })\n  .expectStatus(200)\n  .returns('data.token');",
          "err": {},
          "uuid": "b0fcd793-4378-456c-a69d-434604820a3e",
          "parentUUID": "90fce595-5b79-4b41-b20b-216e8ca4532a",
          "isHook": true,
          "skipped": false
        },
        {
          "title": "\"before all\" hook in \"{root}\"",
          "fullTitle": "\"before all\" hook in \"{root}\"",
          "timedOut": false,
          "duration": 282,
          "state": null,
          "speed": null,
          "pass": false,
          "fail": false,
          "pending": false,
          "context": null,
          "code": "token = await spec()\n    .post('/public/authUser')\n    .withJson({\n      email: 'admin@admin.com',\n      password: 'admin123'\n    })\n    .expectStatus(200)\n    .returns('data.token');\n  categoryId = await spec()\n    .post('/api/addCategory')\n    .withHeaders('authorization', token)\n    .withJson({\n      name: 'Categoria Setup Teste',\n      description: 'Criada no setup global'\n    })\n    .expectStatus(200)\n    .returns('data._id');\n  console.log(\"Categoria criada no setup:\", categoryId);",
          "err": {},
          "uuid": "c5e31a95-3673-4c6b-8cb4-ca75dbcc25ef",
          "parentUUID": "90fce595-5b79-4b41-b20b-216e8ca4532a",
          "isHook": true,
          "skipped": false
        },
        {
          "title": "\"before all\" hook in \"{root}\"",
          "fullTitle": "\"before all\" hook in \"{root}\"",
          "timedOut": false,
          "duration": 3,
          "state": null,
          "speed": null,
          "pass": false,
          "fail": false,
          "pending": false,
          "context": null,
          "code": "if (ENABLE_FLOW) {\n  addFlowReporter();\n}\nawait mock.start(4000);",
          "err": {},
          "uuid": "12bc7cd8-3683-4c1b-b7f7-7d57315f6f53",
          "parentUUID": "90fce595-5b79-4b41-b20b-216e8ca4532a",
          "isHook": true,
          "skipped": false
        },
        {
          "title": "\"before all\" hook in \"{root}\"",
          "fullTitle": "\"before all\" hook in \"{root}\"",
          "timedOut": false,
          "duration": 293,
          "state": null,
          "speed": null,
          "pass": false,
          "fail": false,
          "pending": false,
          "context": null,
          "code": "token = await spec()\n  .post('/public/authUser')\n  .withJson({\n    email: 'admin@admin.com',\n    password: 'admin123'\n  })\n  .expectStatus(200)\n  .returns('data.token');",
          "err": {},
          "uuid": "68f0d102-2412-4268-8dca-d37b29f53fce",
          "parentUUID": "90fce595-5b79-4b41-b20b-216e8ca4532a",
          "isHook": true,
          "skipped": false
        },
        {
          "title": "\"before all\" hook in \"{root}\"",
          "fullTitle": "\"before all\" hook in \"{root}\"",
          "timedOut": false,
          "duration": 278,
          "state": null,
          "speed": null,
          "pass": false,
          "fail": false,
          "pending": false,
          "context": null,
          "code": "token = await spec()\n    .post('/public/authUser')\n    .withJson({\n      email: 'admin@admin.com',\n      password: 'admin123'\n    })\n    .expectStatus(200)\n    .returns('data.token');\n  productId = await spec()\n    .post('/api/addProduct')\n    .withHeaders('authorization', token)\n    .withJson({\n      name: 'Produto Setup Teste',\n      description: 'Criada no setup global',\n      price: 10,\n      quantity: 1,\n      visible: true\n    })\n    .expectStatus(200)\n    .returns('data._id');\n  console.log(\"Produto criado no setup:\", productId);",
          "err": {},
          "uuid": "1a024b16-58a4-48b5-8c7a-1fa7bb24c088",
          "parentUUID": "90fce595-5b79-4b41-b20b-216e8ca4532a",
          "isHook": true,
          "skipped": false
        }
      ],
      "afterHooks": [
        {
          "title": "\"after all\" hook in \"{root}\"",
          "fullTitle": "\"after all\" hook in \"{root}\"",
          "timedOut": false,
          "duration": 1,
          "state": null,
          "speed": null,
          "pass": false,
          "fail": false,
          "pending": false,
          "context": null,
          "code": "await mock.stop();\n// Só tenta finalizar o reporter se o Flow estiver ligado\nif (ENABLE_FLOW) {\n  try {\n    await reporter.end();\n  } catch (err) {\n    console.warn('⚠️ Pactum Flow não disponível, ignorando finalização.');\n  }\n}",
          "err": {},
          "uuid": "2a0d05f5-91fd-4a2c-8fd8-254372052216",
          "parentUUID": "90fce595-5b79-4b41-b20b-216e8ca4532a",
          "isHook": true,
          "skipped": false
        }
      ],
      "tests": [
        {
          "title": "API - Deve adicionar uma categoria com sucesso",
          "fullTitle": "API - Deve adicionar uma categoria com sucesso",
          "timedOut": false,
          "duration": 15,
          "state": "passed",
          "speed": "fast",
          "pass": true,
          "fail": false,
          "pending": false,
          "context": null,
          "code": "categoryId = await spec()\n  .post('/api/addCategory')\n  .withHeaders('authorization', token)\n  .withJson({\n    name: 'Categoria Automática',\n    description: 'Criada para o teste'\n  })\n  .expectStatus(200)\n  .returns('data._id');\nconsole.log(\"ID criada:\", categoryId);",
          "err": {},
          "uuid": "7f64a4b0-b43c-49ad-b832-14edf86eef44",
          "parentUUID": "90fce595-5b79-4b41-b20b-216e8ca4532a",
          "isHook": false,
          "skipped": false
        },
        {
          "title": "API - Não deve adicionar categoria sem token de autorização",
          "fullTitle": "API - Não deve adicionar categoria sem token de autorização",
          "timedOut": false,
          "duration": 13,
          "state": "passed",
          "speed": "fast",
          "pass": true,
          "fail": false,
          "pending": false,
          "context": null,
          "code": "await spec()\n  .post('/api/addCategory')\n  .withJson({\n    name: 'Categoria Automática',\n    description: 'Criada para o teste'\n  })\n  .expectStatus(403)\n  .expectJson('success', false);",
          "err": {},
          "uuid": "de9c6fb8-0cad-4a4c-999c-30cb004c6472",
          "parentUUID": "90fce595-5b79-4b41-b20b-216e8ca4532a",
          "isHook": false,
          "skipped": false
        },
        {
          "title": "API - Deve editar a categoria pelo ID",
          "fullTitle": "API - Deve editar a categoria pelo ID",
          "timedOut": false,
          "duration": 23,
          "state": "passed",
          "speed": "fast",
          "pass": true,
          "fail": false,
          "pending": false,
          "context": null,
          "code": "const token = getToken();\n  const categoryId = getCategoryId();\n\n  await spec()\n .put(`/api/editCategory/${categoryId}`)\n .withHeaders('authorization', token)\n .withJson({\n   \n   name: 'Categoria Editada Automático',\n   description: 'Categoria atualizada via teste automático'\n })\n .expectStatus(200)\n .expectJsonLike({\n   success: true\n });",
          "err": {},
          "uuid": "c2c6c963-aa61-42e9-a426-a71811786409",
          "parentUUID": "90fce595-5b79-4b41-b20b-216e8ca4532a",
          "isHook": false,
          "skipped": false
        },
        {
          "title": "API - Deve deletar a categoria pelo ID",
          "fullTitle": "API - Deve deletar a categoria pelo ID",
          "timedOut": false,
          "duration": 19,
          "state": "passed",
          "speed": "fast",
          "pass": true,
          "fail": false,
          "pending": false,
          "context": null,
          "code": "const token = getToken();\n  const categoryId = getCategoryId();\n\n  await spec()\n .delete(`/api/deleteCategory/${categoryId}`)\n .withHeaders('authorization', token)\n .expectStatus(200)\n .expectJsonLike({\n   success: true\n });",
          "err": {},
          "uuid": "ff203793-b642-41d8-a2b7-3a13102d708c",
          "parentUUID": "90fce595-5b79-4b41-b20b-216e8ca4532a",
          "isHook": false,
          "skipped": false
        },
        {
          "title": "CONTRATO - deve validar o contrato ao adicionar categoria",
          "fullTitle": "CONTRATO - deve validar o contrato ao adicionar categoria",
          "timedOut": false,
          "duration": 9,
          "state": "passed",
          "speed": "fast",
          "pass": true,
          "fail": false,
          "pending": false,
          "context": null,
          "code": "await flow('Add Category')\n  .useInteraction('Add Category Response')\n  .post('http://localhost:4000/api/addCategory')\n  .withJson({\n    name: 'Categoria Automática',\n    description: 'Criada para o teste'\n  })\n  .expectStatus(200)\n  .expectJsonMatch({\n    success: true,\n    data: {\n      _id: like('679f50eb0cf0a913258b286c'),\n      name: like('Categoria Automática'),\n      description: like('Criada para o teste')\n    }\n  });",
          "err": {},
          "uuid": "60a1f8a9-f5f2-43d3-8496-882baad8b984",
          "parentUUID": "90fce595-5b79-4b41-b20b-216e8ca4532a",
          "isHook": false,
          "skipped": false
        },
        {
          "title": "CONTRATO - deve validar o contrato ao adicionar produto",
          "fullTitle": "CONTRATO - deve validar o contrato ao adicionar produto",
          "timedOut": false,
          "duration": 3,
          "state": "passed",
          "speed": "fast",
          "pass": true,
          "fail": false,
          "pending": false,
          "context": null,
          "code": "await flow('Add Product')\n  .useInteraction('Add Product Response')\n  .post('http://localhost:4000/api/addProduct')\n  .withJson({\n    name: 'Produto Automático',\n    price: 99.9,\n    quantity: 10,\n    visible: true\n  })\n  .expectStatus(200)\n  .expectJsonMatch({\n    success: true,\n    data: {\n      _id: like('679f50eb0cf0a913258b999'),\n      name: like('Produto Automático'),\n      price: like(99.9),\n      quantity: like(10),\n      visible: like(true)\n    }\n  });",
          "err": {},
          "uuid": "35af51f2-3f0d-43bf-a3aa-a3ac41d0b5a1",
          "parentUUID": "90fce595-5b79-4b41-b20b-216e8ca4532a",
          "isHook": false,
          "skipped": false
        },
        {
          "title": "API - Deve adicionar um produto com sucesso",
          "fullTitle": "API - Deve adicionar um produto com sucesso",
          "timedOut": false,
          "duration": 26,
          "state": "passed",
          "speed": "fast",
          "pass": true,
          "fail": false,
          "pending": false,
          "context": null,
          "code": "productId = await spec()\n  .post('/api/addProduct')\n  .withHeaders('authorization', token)\n  .withJson({\n    name: randomName(),\n    price: randomPrice(),\n    quantity: Math.floor(Math.random() * 100),\n    visible: true\n  })\n  .expectStatus(200)\n  .returns('data._id');\nconsole.log(\"ID criada:\", productId);",
          "err": {},
          "uuid": "0e430e57-4a23-44ac-881e-761b70d0b1d4",
          "parentUUID": "90fce595-5b79-4b41-b20b-216e8ca4532a",
          "isHook": false,
          "skipped": false
        },
        {
          "title": "API - Deve editar o Produto pelo ID",
          "fullTitle": "API - Deve editar o Produto pelo ID",
          "timedOut": false,
          "duration": 16,
          "state": "passed",
          "speed": "fast",
          "pass": true,
          "fail": false,
          "pending": false,
          "context": null,
          "code": "const token = getToken();\nconst productId = getProductId();\nawait spec()\n  .put(`/api/editProduct/${productId}`)\n  .withHeaders('authorization', token)\n  .withJson({\n    \n    name: randomName(),\n    price: randomPrice(),\n    quantity: randomQuantity(),\n    visible: true,\n    description: 'Produto atualizado via teste automático'\n  })\n  .expectStatus(200)\n  .expectJsonLike({\n    success: true\n  });\n  console.log('Produto editado com sucesso:', productId);",
          "err": {},
          "uuid": "22027645-f967-4ad7-85a2-4e75c272d12f",
          "parentUUID": "90fce595-5b79-4b41-b20b-216e8ca4532a",
          "isHook": false,
          "skipped": false
        },
        {
          "title": "API - Deve deletar o produto",
          "fullTitle": "API - Deve deletar o produto",
          "timedOut": false,
          "duration": 17,
          "state": "passed",
          "speed": "fast",
          "pass": true,
          "fail": false,
          "pending": false,
          "context": null,
          "code": "const token = getToken();\n  const productId = getProductId();\n\n  await spec()\n .delete(`/api/deleteProduct/${productId}`)\n .withHeaders('authorization', token)\n .expectStatus(200)\n .expectJsonLike({\n   success: true\n });\n console.log('Produto deletado com sucesso:', productId);",
          "err": {},
          "uuid": "21cbbdd9-8a60-42b0-82cf-b62452015509",
          "parentUUID": "90fce595-5b79-4b41-b20b-216e8ca4532a",
          "isHook": false,
          "skipped": false
        }
      ],
      "suites": [
        {
          "uuid": "55929a4a-1c73-4344-b9b6-989f973581a6",
          "title": "PROVIDER - Add Category",
          "fullFile": "C:\\repositorio\\ExercicioModulo24\\test\\contract\\addCategoryProvider.test.js",
          "file": "\\test\\contract\\addCategoryProvider.test.js",
          "beforeHooks": [
            {
              "title": "\"before all\" hook in \"PROVIDER - Add Category\"",
              "fullTitle": "PROVIDER - Add Category \"before all\" hook in \"PROVIDER - Add Category\"",
              "timedOut": false,
              "duration": 254,
              "state": null,
              "speed": null,
              "pass": false,
              "fail": false,
              "pending": false,
              "context": null,
              "code": "token = await spec()\n   .post(\"http://lojaebac.ebaconline.art.br/public/authUser\")\n   .withJson({\n     email: \"admin@admin.com\",\n     password: \"admin123\"\n   })\n   .expectStatus(200)\n   .returns(\"data.token\");",
              "err": {},
              "uuid": "fe98c4a6-73de-417d-b81d-fe694f96faa1",
              "parentUUID": "55929a4a-1c73-4344-b9b6-989f973581a6",
              "isHook": true,
              "skipped": false
            }
          ],
          "afterHooks": [],
          "tests": [
            {
              "title": "Backend deve cumprir o contrato esperado",
              "fullTitle": "PROVIDER - Add Category Backend deve cumprir o contrato esperado",
              "timedOut": false,
              "duration": 13,
              "state": "passed",
              "speed": "fast",
              "pass": true,
              "fail": false,
              "pending": false,
              "context": null,
              "code": "await spec()\n  .post(\"http://lojaebac.ebaconline.art.br/api/addCategory\")\n  .withHeaders(\"authorization\", token)\n  .withJson({\n    name: \"Categoria Automática\",\n    description: \"Criada para o teste\"\n  })\n  .expectStatus(200)\n  .expectJsonMatch({\n  success: true,\n  data: {\n_id: like(\"string\"),\nname: \"Categoria Automática\",\ncreatedAt: like(\"string\"),\nupdatedAt: like(\"string\"),\n__v: like(0)\n  }\n});",
              "err": {},
              "uuid": "1e4ec0f1-775d-4847-8530-39ab2ba81b7a",
              "parentUUID": "55929a4a-1c73-4344-b9b6-989f973581a6",
              "isHook": false,
              "skipped": false
            }
          ],
          "suites": [],
          "passes": [
            "1e4ec0f1-775d-4847-8530-39ab2ba81b7a"
          ],
          "failures": [],
          "pending": [],
          "skipped": [],
          "duration": 13,
          "root": false,
          "rootEmpty": false,
          "_timeout": 2000
        },
        {
          "uuid": "d4981ad5-0f96-455e-acb4-8287f30a6b91",
          "title": "PROVIDER - Add Product",
          "fullFile": "C:\\repositorio\\ExercicioModulo24\\test\\contract\\addProductProvider.test.js",
          "file": "\\test\\contract\\addProductProvider.test.js",
          "beforeHooks": [
            {
              "title": "\"before all\" hook in \"PROVIDER - Add Product\"",
              "fullTitle": "PROVIDER - Add Product \"before all\" hook in \"PROVIDER - Add Product\"",
              "timedOut": false,
              "duration": 256,
              "state": null,
              "speed": null,
              "pass": false,
              "fail": false,
              "pending": false,
              "context": null,
              "code": "token = await spec()\n      .post(\"http://lojaebac.ebaconline.art.br/public/authUser\")\n      .withJson({\n        email: \"admin@admin.com\",\n        password: \"admin123\"\n      })\n      .expectStatus(200)\n      .returns(\"data.token\");",
              "err": {},
              "uuid": "7634805b-1db3-483e-9117-09afaa022969",
              "parentUUID": "d4981ad5-0f96-455e-acb4-8287f30a6b91",
              "isHook": true,
              "skipped": false
            }
          ],
          "afterHooks": [],
          "tests": [
            {
              "title": "Backend deve cumprir o contrato REAL ao adicionar um produto",
              "fullTitle": "PROVIDER - Add Product Backend deve cumprir o contrato REAL ao adicionar um produto",
              "timedOut": false,
              "duration": 14,
              "state": "passed",
              "speed": "fast",
              "pass": true,
              "fail": false,
              "pending": false,
              "context": null,
              "code": "await spec()\n  .post(\"http://lojaebac.ebaconline.art.br/api/addProduct\")\n  .withHeaders(\"authorization\", token)\n  .withJson({\n    name: \"Produto Automático\",\n    price: 20,\n    quantity: 100,\n    visible: true\n  })\n  .expectStatus(200)\n  .expectJsonMatch({\n    success: true,\n    data: {\n      _id: like(\"string\"),\n      name: \"Produto Automático\",\n      price: like(20),\n      quantity: like(100),\n      visible: like(true),\n      createdAt: like(\"string\"),\n      updatedAt: like(\"string\"),\n      __v: like(0)\n    }\n  });",
              "err": {},
              "uuid": "04a500e4-d1bf-4990-9699-11510dc2c1fa",
              "parentUUID": "d4981ad5-0f96-455e-acb4-8287f30a6b91",
              "isHook": false,
              "skipped": false
            }
          ],
          "suites": [],
          "passes": [
            "04a500e4-d1bf-4990-9699-11510dc2c1fa"
          ],
          "failures": [],
          "pending": [],
          "skipped": [],
          "duration": 14,
          "root": false,
          "rootEmpty": false,
          "_timeout": 2000
        }
      ],
      "passes": [
        "7f64a4b0-b43c-49ad-b832-14edf86eef44",
        "de9c6fb8-0cad-4a4c-999c-30cb004c6472",
        "c2c6c963-aa61-42e9-a426-a71811786409",
        "ff203793-b642-41d8-a2b7-3a13102d708c",
        "60a1f8a9-f5f2-43d3-8496-882baad8b984",
        "35af51f2-3f0d-43bf-a3aa-a3ac41d0b5a1",
        "0e430e57-4a23-44ac-881e-761b70d0b1d4",
        "22027645-f967-4ad7-85a2-4e75c272d12f",
        "21cbbdd9-8a60-42b0-82cf-b62452015509"
      ],
      "failures": [],
      "pending": [],
      "skipped": [],
      "duration": 141,
      "root": true,
      "rootEmpty": false,
      "_timeout": 2000
    }
  ],
  "meta": {
    "mocha": {
      "version": "11.7.5"
    },
    "mochawesome": {
      "options": {
        "quiet": true,
        "reportFilename": "index",
        "saveHtml": true,
        "saveJson": true,
        "consoleReporter": "spec",
        "useInlineDiffs": false,
        "code": true
      },
      "version": "7.1.4"
    },
    "marge": {
      "options": {
        "reportDir": "mochawesome-report",
        "reportFilename": "index",
        "quiet": "true",
        "[object Object]": true
      },
      "version": "6.3.2"
    }
  }
}