{
  "stats": {
    "suites": 2,
    "tests": 11,
    "passes": 11,
    "pending": 0,
    "failures": 0,
    "start": "2026-02-10T16:33:07.863Z",
    "end": "2026-02-10T16:33:09.710Z",
    "duration": 1847,
    "testsRegistered": 11,
    "passPercent": 100,
    "pendingPercent": 0,
    "other": 0,
    "hasOther": false,
    "skipped": 0,
    "hasSkipped": false
  },
  "results": [
    {
      "uuid": "e36c3fa7-19c4-4d11-b0d8-f69245dc6168",
      "title": "",
      "fullFile": "",
      "file": "",
      "beforeHooks": [
        {
          "title": "\"before all\" hook in \"{root}\"",
          "fullTitle": "\"before all\" hook in \"{root}\"",
          "timedOut": false,
          "duration": 367,
          "state": null,
          "speed": null,
          "pass": false,
          "fail": false,
          "pending": false,
          "context": null,
          "code": "token = await spec()\n  .post('/public/authUser')\n  .withJson({\n    email: 'admin@admin.com',\n    password: 'admin123'\n  })\n  .expectStatus(200)\n  .returns('data.token');",
          "err": {},
          "uuid": "4ea00b57-f2b6-4077-bd77-21f23519d8b1",
          "parentUUID": "e36c3fa7-19c4-4d11-b0d8-f69245dc6168",
          "isHook": true,
          "skipped": false
        },
        {
          "title": "\"before all\" hook in \"{root}\"",
          "fullTitle": "\"before all\" hook in \"{root}\"",
          "timedOut": false,
          "duration": 284,
          "state": null,
          "speed": null,
          "pass": false,
          "fail": false,
          "pending": false,
          "context": null,
          "code": "token = await spec()\n    .post('/public/authUser')\n    .withJson({\n      email: 'admin@admin.com',\n      password: 'admin123'\n    })\n    .expectStatus(200)\n    .returns('data.token');\n  categoryId = await spec()\n    .post('/api/addCategory')\n    .withHeaders('authorization', token)\n    .withJson({\n      name: 'Categoria Setup Teste',\n      description: 'Criada no setup global'\n    })\n    .expectStatus(200)\n    .returns('data._id');\n  console.log(\"Categoria criada no setup:\", categoryId);",
          "err": {},
          "uuid": "02b6dbc9-5df3-4527-807d-b0cac50f0bda",
          "parentUUID": "e36c3fa7-19c4-4d11-b0d8-f69245dc6168",
          "isHook": true,
          "skipped": false
        },
        {
          "title": "\"before all\" hook in \"{root}\"",
          "fullTitle": "\"before all\" hook in \"{root}\"",
          "timedOut": false,
          "duration": 2,
          "state": null,
          "speed": null,
          "pass": false,
          "fail": false,
          "pending": false,
          "context": null,
          "code": "if (ENABLE_FLOW) {\n  addFlowReporter();\n}\nawait mock.start(4000);",
          "err": {},
          "uuid": "b24c1df1-a5da-4934-b03a-d4af550621a9",
          "parentUUID": "e36c3fa7-19c4-4d11-b0d8-f69245dc6168",
          "isHook": true,
          "skipped": false
        },
        {
          "title": "\"before all\" hook in \"{root}\"",
          "fullTitle": "\"before all\" hook in \"{root}\"",
          "timedOut": false,
          "duration": 249,
          "state": null,
          "speed": null,
          "pass": false,
          "fail": false,
          "pending": false,
          "context": null,
          "code": "token = await spec()\n  .post('/public/authUser')\n  .withJson({\n    email: 'admin@admin.com',\n    password: 'admin123'\n  })\n  .expectStatus(200)\n  .returns('data.token');",
          "err": {},
          "uuid": "25eab51d-9e38-459b-87a0-35781dca94dd",
          "parentUUID": "e36c3fa7-19c4-4d11-b0d8-f69245dc6168",
          "isHook": true,
          "skipped": false
        },
        {
          "title": "\"before all\" hook in \"{root}\"",
          "fullTitle": "\"before all\" hook in \"{root}\"",
          "timedOut": false,
          "duration": 280,
          "state": null,
          "speed": null,
          "pass": false,
          "fail": false,
          "pending": false,
          "context": null,
          "code": "token = await spec()\n    .post('/public/authUser')\n    .withJson({\n      email: 'admin@admin.com',\n      password: 'admin123'\n    })\n    .expectStatus(200)\n    .returns('data.token');\n  productId = await spec()\n    .post('/api/addProduct')\n    .withHeaders('authorization', token)\n    .withJson({\n      name: 'Produto Setup Teste',\n      description: 'Criada no setup global',\n      price: 10,\n      quantity: 1,\n      visible: true\n    })\n    .expectStatus(200)\n    .returns('data._id');\n  console.log(\"Produto criado no setup:\", productId);",
          "err": {},
          "uuid": "1bc4a02a-7f6d-4d3f-b470-0000f6292dd7",
          "parentUUID": "e36c3fa7-19c4-4d11-b0d8-f69245dc6168",
          "isHook": true,
          "skipped": false
        }
      ],
      "afterHooks": [
        {
          "title": "\"after all\" hook in \"{root}\"",
          "fullTitle": "\"after all\" hook in \"{root}\"",
          "timedOut": false,
          "duration": 1,
          "state": null,
          "speed": null,
          "pass": false,
          "fail": false,
          "pending": false,
          "context": null,
          "code": "await mock.stop();\n// Só tenta finalizar o reporter se o Flow estiver ligado\nif (ENABLE_FLOW) {\n  try {\n    await reporter.end();\n  } catch (err) {\n    console.warn('⚠️ Pactum Flow não disponível, ignorando finalização.');\n  }\n}",
          "err": {},
          "uuid": "1106ced0-44ca-4a14-a353-b4f50fd8671e",
          "parentUUID": "e36c3fa7-19c4-4d11-b0d8-f69245dc6168",
          "isHook": true,
          "skipped": false
        }
      ],
      "tests": [
        {
          "title": "API - Deve adicionar uma categoria com sucesso",
          "fullTitle": "API - Deve adicionar uma categoria com sucesso",
          "timedOut": false,
          "duration": 14,
          "state": "passed",
          "speed": "fast",
          "pass": true,
          "fail": false,
          "pending": false,
          "context": null,
          "code": "categoryId = await spec()\n  .post('/api/addCategory')\n  .withHeaders('authorization', token)\n  .withJson({\n    name: 'Categoria Automática',\n    description: 'Criada para o teste'\n  })\n  .expectStatus(200)\n  .returns('data._id');\nconsole.log(\"ID criada:\", categoryId);",
          "err": {},
          "uuid": "698aee29-3c0f-40f0-81d1-76030592dafd",
          "parentUUID": "e36c3fa7-19c4-4d11-b0d8-f69245dc6168",
          "isHook": false,
          "skipped": false
        },
        {
          "title": "API - Não deve adicionar categoria sem token de autorização",
          "fullTitle": "API - Não deve adicionar categoria sem token de autorização",
          "timedOut": false,
          "duration": 12,
          "state": "passed",
          "speed": "fast",
          "pass": true,
          "fail": false,
          "pending": false,
          "context": null,
          "code": "await spec()\n  .post('/api/addCategory')\n  .withJson({\n    name: 'Categoria Automática',\n    description: 'Criada para o teste'\n  })\n  .expectStatus(403)\n  .expectJson('success', false);",
          "err": {},
          "uuid": "1dd668e4-c866-4ceb-873f-d25c1c36f949",
          "parentUUID": "e36c3fa7-19c4-4d11-b0d8-f69245dc6168",
          "isHook": false,
          "skipped": false
        },
        {
          "title": "API - Deve editar a categoria pelo ID",
          "fullTitle": "API - Deve editar a categoria pelo ID",
          "timedOut": false,
          "duration": 18,
          "state": "passed",
          "speed": "fast",
          "pass": true,
          "fail": false,
          "pending": false,
          "context": null,
          "code": "const token = getToken();\n  const categoryId = getCategoryId();\n\n  await spec()\n .put(`/api/editCategory/${categoryId}`)\n .withHeaders('authorization', token)\n .withJson({\n   \n   name: 'Categoria Editada Automático',\n   description: 'Categoria atualizada via teste automático'\n })\n .expectStatus(200)\n .expectJsonLike({\n   success: true\n });",
          "err": {},
          "uuid": "152117d9-dabc-442f-8775-de96f304d30b",
          "parentUUID": "e36c3fa7-19c4-4d11-b0d8-f69245dc6168",
          "isHook": false,
          "skipped": false
        },
        {
          "title": "API - Deve deletar a categoria pelo ID",
          "fullTitle": "API - Deve deletar a categoria pelo ID",
          "timedOut": false,
          "duration": 20,
          "state": "passed",
          "speed": "fast",
          "pass": true,
          "fail": false,
          "pending": false,
          "context": null,
          "code": "const token = getToken();\n  const categoryId = getCategoryId();\n\n  await spec()\n .delete(`/api/deleteCategory/${categoryId}`)\n .withHeaders('authorization', token)\n .expectStatus(200)\n .expectJsonLike({\n   success: true\n });",
          "err": {},
          "uuid": "62f9c787-d32b-44bc-b8f2-990c330cdadd",
          "parentUUID": "e36c3fa7-19c4-4d11-b0d8-f69245dc6168",
          "isHook": false,
          "skipped": false
        },
        {
          "title": "CONTRATO - deve validar o contrato ao adicionar categoria",
          "fullTitle": "CONTRATO - deve validar o contrato ao adicionar categoria",
          "timedOut": false,
          "duration": 9,
          "state": "passed",
          "speed": "fast",
          "pass": true,
          "fail": false,
          "pending": false,
          "context": null,
          "code": "await flow('Add Category')\n  .useInteraction('Add Category Response')\n  .post('http://localhost:4000/api/addCategory')\n  .withJson({\n    name: 'Categoria Automática',\n    description: 'Criada para o teste'\n  })\n  .expectStatus(200)\n  .expectJsonMatch({\n    success: true,\n    data: {\n      _id: like('679f50eb0cf0a913258b286c'),\n      name: like('Categoria Automática'),\n      description: like('Criada para o teste')\n    }\n  });",
          "err": {},
          "uuid": "c5972733-d421-43df-a512-3fa660ec5241",
          "parentUUID": "e36c3fa7-19c4-4d11-b0d8-f69245dc6168",
          "isHook": false,
          "skipped": false
        },
        {
          "title": "CONTRATO - deve validar o contrato ao adicionar produto",
          "fullTitle": "CONTRATO - deve validar o contrato ao adicionar produto",
          "timedOut": false,
          "duration": 2,
          "state": "passed",
          "speed": "fast",
          "pass": true,
          "fail": false,
          "pending": false,
          "context": null,
          "code": "await flow('Add Product')\n  .useInteraction('Add Product Response')\n  .post('http://localhost:4000/api/addProduct')\n  .withJson({\n    name: 'Produto Automático',\n    price: 99.9,\n    quantity: 10,\n    visible: true\n  })\n  .expectStatus(200)\n  .expectJsonMatch({\n    success: true,\n    data: {\n      _id: like('679f50eb0cf0a913258b999'),\n      name: like('Produto Automático'),\n      price: like(99.9),\n      quantity: like(10),\n      visible: like(true)\n    }\n  });",
          "err": {},
          "uuid": "f897d54c-b097-42d7-ba86-47775e9f0a1a",
          "parentUUID": "e36c3fa7-19c4-4d11-b0d8-f69245dc6168",
          "isHook": false,
          "skipped": false
        },
        {
          "title": "API - Deve adicionar um produto com sucesso",
          "fullTitle": "API - Deve adicionar um produto com sucesso",
          "timedOut": false,
          "duration": 15,
          "state": "passed",
          "speed": "fast",
          "pass": true,
          "fail": false,
          "pending": false,
          "context": null,
          "code": "productId = await spec()\n  .post('/api/addProduct')\n  .withHeaders('authorization', token)\n  .withJson({\n    name: randomName(),\n    price: randomPrice(),\n    quantity: Math.floor(Math.random() * 100),\n    visible: true\n  })\n  .expectStatus(200)\n  .returns('data._id');\nconsole.log(\"ID criada:\", productId);",
          "err": {},
          "uuid": "dd037376-783f-482d-8fd9-67d9508cecfb",
          "parentUUID": "e36c3fa7-19c4-4d11-b0d8-f69245dc6168",
          "isHook": false,
          "skipped": false
        },
        {
          "title": "API - Deve editar o Produto pelo ID",
          "fullTitle": "API - Deve editar o Produto pelo ID",
          "timedOut": false,
          "duration": 15,
          "state": "passed",
          "speed": "fast",
          "pass": true,
          "fail": false,
          "pending": false,
          "context": null,
          "code": "const token = getToken();\nconst productId = getProductId();\nawait spec()\n  .put(`/api/editProduct/${productId}`)\n  .withHeaders('authorization', token)\n  .withJson({\n    \n    name: randomName(),\n    price: randomPrice(),\n    quantity: randomQuantity(),\n    visible: true,\n    description: 'Produto atualizado via teste automático'\n  })\n  .expectStatus(200)\n  .expectJsonLike({\n    success: true\n  });\n  console.log('Produto editado com sucesso:', productId);",
          "err": {},
          "uuid": "d650d85f-0872-4b07-a1ae-2824f0f36293",
          "parentUUID": "e36c3fa7-19c4-4d11-b0d8-f69245dc6168",
          "isHook": false,
          "skipped": false
        },
        {
          "title": "API - Deve deletar o produto",
          "fullTitle": "API - Deve deletar o produto",
          "timedOut": false,
          "duration": 17,
          "state": "passed",
          "speed": "fast",
          "pass": true,
          "fail": false,
          "pending": false,
          "context": null,
          "code": "const token = getToken();\n  const productId = getProductId();\n\n  await spec()\n .delete(`/api/deleteProduct/${productId}`)\n .withHeaders('authorization', token)\n .expectStatus(200)\n .expectJsonLike({\n   success: true\n });\n console.log('Produto deletado com sucesso:', productId);",
          "err": {},
          "uuid": "6c7d83bb-a955-43f5-b768-413dce8b8cbf",
          "parentUUID": "e36c3fa7-19c4-4d11-b0d8-f69245dc6168",
          "isHook": false,
          "skipped": false
        }
      ],
      "suites": [
        {
          "uuid": "ae6e354c-91ac-4550-99ab-510222dcaf6a",
          "title": "PROVIDER - Add Category",
          "fullFile": "C:\\repositorio\\ExercicioModulo24\\test\\contract\\addCategoryProvider.test.js",
          "file": "\\test\\contract\\addCategoryProvider.test.js",
          "beforeHooks": [
            {
              "title": "\"before all\" hook in \"PROVIDER - Add Category\"",
              "fullTitle": "PROVIDER - Add Category \"before all\" hook in \"PROVIDER - Add Category\"",
              "timedOut": false,
              "duration": 253,
              "state": null,
              "speed": null,
              "pass": false,
              "fail": false,
              "pending": false,
              "context": null,
              "code": "token = await spec()\n   .post(\"http://lojaebac.ebaconline.art.br/public/authUser\")\n   .withJson({\n     email: \"admin@admin.com\",\n     password: \"admin123\"\n   })\n   .expectStatus(200)\n   .returns(\"data.token\");",
              "err": {},
              "uuid": "661634c2-8928-4362-a5cf-1a1eb7ba786b",
              "parentUUID": "ae6e354c-91ac-4550-99ab-510222dcaf6a",
              "isHook": true,
              "skipped": false
            }
          ],
          "afterHooks": [],
          "tests": [
            {
              "title": "Backend deve cumprir o contrato esperado",
              "fullTitle": "PROVIDER - Add Category Backend deve cumprir o contrato esperado",
              "timedOut": false,
              "duration": 13,
              "state": "passed",
              "speed": "fast",
              "pass": true,
              "fail": false,
              "pending": false,
              "context": null,
              "code": "await spec()\n  .post(\"http://lojaebac.ebaconline.art.br/api/addCategory\")\n  .withHeaders(\"authorization\", token)\n  .withJson({\n    name: \"Categoria Automática\",\n    description: \"Criada para o teste\"\n  })\n  .expectStatus(200)\n  .expectJsonMatch({\n  success: true,\n  data: {\n_id: like(\"string\"),\nname: \"Categoria Automática\",\ncreatedAt: like(\"string\"),\nupdatedAt: like(\"string\"),\n__v: like(0)\n  }\n});",
              "err": {},
              "uuid": "8804af7d-a0eb-4b2c-8b31-71dc3dcc282c",
              "parentUUID": "ae6e354c-91ac-4550-99ab-510222dcaf6a",
              "isHook": false,
              "skipped": false
            }
          ],
          "suites": [],
          "passes": [
            "8804af7d-a0eb-4b2c-8b31-71dc3dcc282c"
          ],
          "failures": [],
          "pending": [],
          "skipped": [],
          "duration": 13,
          "root": false,
          "rootEmpty": false,
          "_timeout": 2000
        },
        {
          "uuid": "5b51d781-9daa-48ca-aaca-da2d0d128f21",
          "title": "PROVIDER - Add Product",
          "fullFile": "C:\\repositorio\\ExercicioModulo24\\test\\contract\\addProductProvider.test.js",
          "file": "\\test\\contract\\addProductProvider.test.js",
          "beforeHooks": [
            {
              "title": "\"before all\" hook in \"PROVIDER - Add Product\"",
              "fullTitle": "PROVIDER - Add Product \"before all\" hook in \"PROVIDER - Add Product\"",
              "timedOut": false,
              "duration": 251,
              "state": null,
              "speed": null,
              "pass": false,
              "fail": false,
              "pending": false,
              "context": null,
              "code": "token = await spec()\n      .post(\"http://lojaebac.ebaconline.art.br/public/authUser\")\n      .withJson({\n        email: \"admin@admin.com\",\n        password: \"admin123\"\n      })\n      .expectStatus(200)\n      .returns(\"data.token\");",
              "err": {},
              "uuid": "10949c39-9356-4776-b669-3d6372cc3b5b",
              "parentUUID": "5b51d781-9daa-48ca-aaca-da2d0d128f21",
              "isHook": true,
              "skipped": false
            }
          ],
          "afterHooks": [],
          "tests": [
            {
              "title": "Backend deve cumprir o contrato REAL ao adicionar um produto",
              "fullTitle": "PROVIDER - Add Product Backend deve cumprir o contrato REAL ao adicionar um produto",
              "timedOut": false,
              "duration": 14,
              "state": "passed",
              "speed": "fast",
              "pass": true,
              "fail": false,
              "pending": false,
              "context": null,
              "code": "await spec()\n  .post(\"http://lojaebac.ebaconline.art.br/api/addProduct\")\n  .withHeaders(\"authorization\", token)\n  .withJson({\n    name: \"Produto Automático\",\n    price: 20,\n    quantity: 100,\n    visible: true\n  })\n  .expectStatus(200)\n  .expectJsonMatch({\n    success: true,\n    data: {\n      _id: like(\"string\"),\n      name: \"Produto Automático\",\n      price: like(20),\n      quantity: like(100),\n      visible: like(true),\n      createdAt: like(\"string\"),\n      updatedAt: like(\"string\"),\n      __v: like(0)\n    }\n  });",
              "err": {},
              "uuid": "3340d940-896a-4d87-a78f-a9e13537f039",
              "parentUUID": "5b51d781-9daa-48ca-aaca-da2d0d128f21",
              "isHook": false,
              "skipped": false
            }
          ],
          "suites": [],
          "passes": [
            "3340d940-896a-4d87-a78f-a9e13537f039"
          ],
          "failures": [],
          "pending": [],
          "skipped": [],
          "duration": 14,
          "root": false,
          "rootEmpty": false,
          "_timeout": 2000
        }
      ],
      "passes": [
        "698aee29-3c0f-40f0-81d1-76030592dafd",
        "1dd668e4-c866-4ceb-873f-d25c1c36f949",
        "152117d9-dabc-442f-8775-de96f304d30b",
        "62f9c787-d32b-44bc-b8f2-990c330cdadd",
        "c5972733-d421-43df-a512-3fa660ec5241",
        "f897d54c-b097-42d7-ba86-47775e9f0a1a",
        "dd037376-783f-482d-8fd9-67d9508cecfb",
        "d650d85f-0872-4b07-a1ae-2824f0f36293",
        "6c7d83bb-a955-43f5-b768-413dce8b8cbf"
      ],
      "failures": [],
      "pending": [],
      "skipped": [],
      "duration": 122,
      "root": true,
      "rootEmpty": false,
      "_timeout": 2000
    }
  ],
  "meta": {
    "mocha": {
      "version": "11.7.5"
    },
    "mochawesome": {
      "options": {
        "quiet": false,
        "reportFilename": "mochawesome",
        "saveHtml": true,
        "saveJson": true,
        "consoleReporter": "spec",
        "useInlineDiffs": false,
        "code": true
      },
      "version": "7.1.4"
    },
    "marge": {
      "options": {
        "[object Object]": true
      },
      "version": "6.3.2"
    }
  }
}