{
  "stats": {
    "suites": 2,
    "tests": 11,
    "passes": 11,
    "pending": 0,
    "failures": 0,
    "start": "2026-02-10T16:09:43.635Z",
    "end": "2026-02-10T16:09:45.465Z",
    "duration": 1830,
    "testsRegistered": 11,
    "passPercent": 100,
    "pendingPercent": 0,
    "other": 0,
    "hasOther": false,
    "skipped": 0,
    "hasSkipped": false
  },
  "results": [
    {
      "uuid": "efb8d0fe-93e2-4119-97e6-5f9bd90ffdd9",
      "title": "",
      "fullFile": "",
      "file": "",
      "beforeHooks": [
        {
          "title": "\"before all\" hook in \"{root}\"",
          "fullTitle": "\"before all\" hook in \"{root}\"",
          "timedOut": false,
          "duration": 307,
          "state": null,
          "speed": null,
          "pass": false,
          "fail": false,
          "pending": false,
          "context": null,
          "code": "token = await spec()\n  .post('/public/authUser')\n  .withJson({\n    email: 'admin@admin.com',\n    password: 'admin123'\n  })\n  .expectStatus(200)\n  .returns('data.token');",
          "err": {},
          "uuid": "35f389ce-d6c0-43ff-8a12-bc0abe1468d4",
          "parentUUID": "efb8d0fe-93e2-4119-97e6-5f9bd90ffdd9",
          "isHook": true,
          "skipped": false
        },
        {
          "title": "\"before all\" hook in \"{root}\"",
          "fullTitle": "\"before all\" hook in \"{root}\"",
          "timedOut": false,
          "duration": 269,
          "state": null,
          "speed": null,
          "pass": false,
          "fail": false,
          "pending": false,
          "context": null,
          "code": "token = await spec()\n    .post('/public/authUser')\n    .withJson({\n      email: 'admin@admin.com',\n      password: 'admin123'\n    })\n    .expectStatus(200)\n    .returns('data.token');\n  categoryId = await spec()\n    .post('/api/addCategory')\n    .withHeaders('authorization', token)\n    .withJson({\n      name: 'Categoria Setup Teste',\n      description: 'Criada no setup global'\n    })\n    .expectStatus(200)\n    .returns('data._id');\n  console.log(\"Categoria criada no setup:\", categoryId);",
          "err": {},
          "uuid": "c36b7b5b-8e26-440b-90ad-3bb34a56bd38",
          "parentUUID": "efb8d0fe-93e2-4119-97e6-5f9bd90ffdd9",
          "isHook": true,
          "skipped": false
        },
        {
          "title": "\"before all\" hook in \"{root}\"",
          "fullTitle": "\"before all\" hook in \"{root}\"",
          "timedOut": false,
          "duration": 3,
          "state": null,
          "speed": null,
          "pass": false,
          "fail": false,
          "pending": false,
          "context": null,
          "code": "if (ENABLE_FLOW) {\n  addFlowReporter();\n}\nawait mock.start(4000);",
          "err": {},
          "uuid": "90061ffd-0f8b-45a1-8b2e-caf108440946",
          "parentUUID": "efb8d0fe-93e2-4119-97e6-5f9bd90ffdd9",
          "isHook": true,
          "skipped": false
        },
        {
          "title": "\"before all\" hook in \"{root}\"",
          "fullTitle": "\"before all\" hook in \"{root}\"",
          "timedOut": false,
          "duration": 269,
          "state": null,
          "speed": null,
          "pass": false,
          "fail": false,
          "pending": false,
          "context": null,
          "code": "token = await spec()\n  .post('/public/authUser')\n  .withJson({\n    email: 'admin@admin.com',\n    password: 'admin123'\n  })\n  .expectStatus(200)\n  .returns('data.token');",
          "err": {},
          "uuid": "e5200ce4-6085-4f79-8c30-a000a7790e05",
          "parentUUID": "efb8d0fe-93e2-4119-97e6-5f9bd90ffdd9",
          "isHook": true,
          "skipped": false
        },
        {
          "title": "\"before all\" hook in \"{root}\"",
          "fullTitle": "\"before all\" hook in \"{root}\"",
          "timedOut": false,
          "duration": 307,
          "state": null,
          "speed": null,
          "pass": false,
          "fail": false,
          "pending": false,
          "context": null,
          "code": "token = await spec()\n    .post('/public/authUser')\n    .withJson({\n      email: 'admin@admin.com',\n      password: 'admin123'\n    })\n    .expectStatus(200)\n    .returns('data.token');\n  productId = await spec()\n    .post('/api/addProduct')\n    .withHeaders('authorization', token)\n    .withJson({\n      name: 'Produto Setup Teste',\n      description: 'Criada no setup global',\n      price: 10,\n      quantity: 1,\n      visible: true\n    })\n    .expectStatus(200)\n    .returns('data._id');\n  console.log(\"Produto criado no setup:\", productId);",
          "err": {},
          "uuid": "74008828-119a-45b5-bf4e-6d900c357320",
          "parentUUID": "efb8d0fe-93e2-4119-97e6-5f9bd90ffdd9",
          "isHook": true,
          "skipped": false
        }
      ],
      "afterHooks": [
        {
          "title": "\"after all\" hook in \"{root}\"",
          "fullTitle": "\"after all\" hook in \"{root}\"",
          "timedOut": false,
          "duration": 1,
          "state": null,
          "speed": null,
          "pass": false,
          "fail": false,
          "pending": false,
          "context": null,
          "code": "await mock.stop();\n// Só tenta finalizar o reporter se o Flow estiver ligado\nif (ENABLE_FLOW) {\n  try {\n    await reporter.end();\n  } catch (err) {\n    console.warn('⚠️ Pactum Flow não disponível, ignorando finalização.');\n  }\n}",
          "err": {},
          "uuid": "fb485543-a31b-4817-8650-f9ebcabc17d7",
          "parentUUID": "efb8d0fe-93e2-4119-97e6-5f9bd90ffdd9",
          "isHook": true,
          "skipped": false
        }
      ],
      "tests": [
        {
          "title": "API - Deve adicionar uma categoria com sucesso",
          "fullTitle": "API - Deve adicionar uma categoria com sucesso",
          "timedOut": false,
          "duration": 14,
          "state": "passed",
          "speed": "fast",
          "pass": true,
          "fail": false,
          "pending": false,
          "context": null,
          "code": "categoryId = await spec()\n  .post('/api/addCategory')\n  .withHeaders('authorization', token)\n  .withJson({\n    name: 'Categoria Automática',\n    description: 'Criada para o teste'\n  })\n  .expectStatus(200)\n  .returns('data._id');\nconsole.log(\"ID criada:\", categoryId);",
          "err": {},
          "uuid": "9b5cf56e-cc88-44a9-9543-eca27103d747",
          "parentUUID": "efb8d0fe-93e2-4119-97e6-5f9bd90ffdd9",
          "isHook": false,
          "skipped": false
        },
        {
          "title": "API - Não deve adicionar categoria sem token de autorização",
          "fullTitle": "API - Não deve adicionar categoria sem token de autorização",
          "timedOut": false,
          "duration": 11,
          "state": "passed",
          "speed": "fast",
          "pass": true,
          "fail": false,
          "pending": false,
          "context": null,
          "code": "await spec()\n  .post('/api/addCategory')\n  .withJson({\n    name: 'Categoria Automática',\n    description: 'Criada para o teste'\n  })\n  .expectStatus(403)\n  .expectJson('success', false);",
          "err": {},
          "uuid": "0ac179bb-0a9c-45ec-804a-c43b6772f194",
          "parentUUID": "efb8d0fe-93e2-4119-97e6-5f9bd90ffdd9",
          "isHook": false,
          "skipped": false
        },
        {
          "title": "API - Deve editar a categoria pelo ID",
          "fullTitle": "API - Deve editar a categoria pelo ID",
          "timedOut": false,
          "duration": 17,
          "state": "passed",
          "speed": "fast",
          "pass": true,
          "fail": false,
          "pending": false,
          "context": null,
          "code": "const token = getToken();\n  const categoryId = getCategoryId();\n\n  await spec()\n .put(`/api/editCategory/${categoryId}`)\n .withHeaders('authorization', token)\n .withJson({\n   \n   name: 'Categoria Editada Automático',\n   description: 'Categoria atualizada via teste automático'\n })\n .expectStatus(200)\n .expectJsonLike({\n   success: true\n });",
          "err": {},
          "uuid": "011b0244-5f72-41a5-9a2a-3c57ab96eb35",
          "parentUUID": "efb8d0fe-93e2-4119-97e6-5f9bd90ffdd9",
          "isHook": false,
          "skipped": false
        },
        {
          "title": "API - Deve deletar a categoria pelo ID",
          "fullTitle": "API - Deve deletar a categoria pelo ID",
          "timedOut": false,
          "duration": 19,
          "state": "passed",
          "speed": "fast",
          "pass": true,
          "fail": false,
          "pending": false,
          "context": null,
          "code": "const token = getToken();\n  const categoryId = getCategoryId();\n\n  await spec()\n .delete(`/api/deleteCategory/${categoryId}`)\n .withHeaders('authorization', token)\n .expectStatus(200)\n .expectJsonLike({\n   success: true\n });",
          "err": {},
          "uuid": "b083c58b-06b0-4868-830a-8adc144f9a04",
          "parentUUID": "efb8d0fe-93e2-4119-97e6-5f9bd90ffdd9",
          "isHook": false,
          "skipped": false
        },
        {
          "title": "CONTRATO - deve validar o contrato ao adicionar categoria",
          "fullTitle": "CONTRATO - deve validar o contrato ao adicionar categoria",
          "timedOut": false,
          "duration": 9,
          "state": "passed",
          "speed": "fast",
          "pass": true,
          "fail": false,
          "pending": false,
          "context": null,
          "code": "await flow('Add Category')\n  .useInteraction('Add Category Response')\n  .post('http://localhost:4000/api/addCategory')\n  .withJson({\n    name: 'Categoria Automática',\n    description: 'Criada para o teste'\n  })\n  .expectStatus(200)\n  .expectJsonMatch({\n    success: true,\n    data: {\n      _id: like('679f50eb0cf0a913258b286c'),\n      name: like('Categoria Automática'),\n      description: like('Criada para o teste')\n    }\n  });",
          "err": {},
          "uuid": "362f4ecb-0d24-4723-a8dd-fad25ab981b4",
          "parentUUID": "efb8d0fe-93e2-4119-97e6-5f9bd90ffdd9",
          "isHook": false,
          "skipped": false
        },
        {
          "title": "CONTRATO - deve validar o contrato ao adicionar produto",
          "fullTitle": "CONTRATO - deve validar o contrato ao adicionar produto",
          "timedOut": false,
          "duration": 2,
          "state": "passed",
          "speed": "fast",
          "pass": true,
          "fail": false,
          "pending": false,
          "context": null,
          "code": "await flow('Add Product')\n  .useInteraction('Add Product Response')\n  .post('http://localhost:4000/api/addProduct')\n  .withJson({\n    name: 'Produto Automático',\n    price: 99.9,\n    quantity: 10,\n    visible: true\n  })\n  .expectStatus(200)\n  .expectJsonMatch({\n    success: true,\n    data: {\n      _id: like('679f50eb0cf0a913258b999'),\n      name: like('Produto Automático'),\n      price: like(99.9),\n      quantity: like(10),\n      visible: like(true)\n    }\n  });",
          "err": {},
          "uuid": "dfae6ab9-7da9-475d-ac95-82763169f9bb",
          "parentUUID": "efb8d0fe-93e2-4119-97e6-5f9bd90ffdd9",
          "isHook": false,
          "skipped": false
        },
        {
          "title": "API - Deve adicionar um produto com sucesso",
          "fullTitle": "API - Deve adicionar um produto com sucesso",
          "timedOut": false,
          "duration": 14,
          "state": "passed",
          "speed": "fast",
          "pass": true,
          "fail": false,
          "pending": false,
          "context": null,
          "code": "productId = await spec()\n  .post('/api/addProduct')\n  .withHeaders('authorization', token)\n  .withJson({\n    name: randomName(),\n    price: randomPrice(),\n    quantity: Math.floor(Math.random() * 100),\n    visible: true\n  })\n  .expectStatus(200)\n  .returns('data._id');\nconsole.log(\"ID criada:\", productId);",
          "err": {},
          "uuid": "daa897c6-9dd4-4a96-aa91-622c33cc9503",
          "parentUUID": "efb8d0fe-93e2-4119-97e6-5f9bd90ffdd9",
          "isHook": false,
          "skipped": false
        },
        {
          "title": "API - Deve editar o Produto pelo ID",
          "fullTitle": "API - Deve editar o Produto pelo ID",
          "timedOut": false,
          "duration": 15,
          "state": "passed",
          "speed": "fast",
          "pass": true,
          "fail": false,
          "pending": false,
          "context": null,
          "code": "const token = getToken();\nconst productId = getProductId();\nawait spec()\n  .put(`/api/editProduct/${productId}`)\n  .withHeaders('authorization', token)\n  .withJson({\n    \n    name: randomName(),\n    price: randomPrice(),\n    quantity: randomQuantity(),\n    visible: true,\n    description: 'Produto atualizado via teste automático'\n  })\n  .expectStatus(200)\n  .expectJsonLike({\n    success: true\n  });\n  console.log('Produto editado com sucesso:', productId);",
          "err": {},
          "uuid": "09a81b6f-cc07-48f4-b736-71c8e965c23a",
          "parentUUID": "efb8d0fe-93e2-4119-97e6-5f9bd90ffdd9",
          "isHook": false,
          "skipped": false
        },
        {
          "title": "API - Deve deletar o produto",
          "fullTitle": "API - Deve deletar o produto",
          "timedOut": false,
          "duration": 17,
          "state": "passed",
          "speed": "fast",
          "pass": true,
          "fail": false,
          "pending": false,
          "context": null,
          "code": "const token = getToken();\n  const productId = getProductId();\n\n  await spec()\n .delete(`/api/deleteProduct/${productId}`)\n .withHeaders('authorization', token)\n .expectStatus(200)\n .expectJsonLike({\n   success: true\n });\n console.log('Produto deletado com sucesso:', productId);",
          "err": {},
          "uuid": "4a1e670f-51dd-4275-9337-8ccc7125c925",
          "parentUUID": "efb8d0fe-93e2-4119-97e6-5f9bd90ffdd9",
          "isHook": false,
          "skipped": false
        }
      ],
      "suites": [
        {
          "uuid": "2dfdc5ac-2b8a-45d0-8d1f-b471d1472b99",
          "title": "PROVIDER - Add Category",
          "fullFile": "C:\\repositorio\\ExercicioModulo24\\test\\contract\\addCategoryProvider.test.js",
          "file": "\\test\\contract\\addCategoryProvider.test.js",
          "beforeHooks": [
            {
              "title": "\"before all\" hook in \"PROVIDER - Add Category\"",
              "fullTitle": "PROVIDER - Add Category \"before all\" hook in \"PROVIDER - Add Category\"",
              "timedOut": false,
              "duration": 248,
              "state": null,
              "speed": null,
              "pass": false,
              "fail": false,
              "pending": false,
              "context": null,
              "code": "token = await spec()\n   .post(\"http://lojaebac.ebaconline.art.br/public/authUser\")\n   .withJson({\n     email: \"admin@admin.com\",\n     password: \"admin123\"\n   })\n   .expectStatus(200)\n   .returns(\"data.token\");",
              "err": {},
              "uuid": "96620bc1-7ad2-46ab-8539-b59b9aad99a7",
              "parentUUID": "2dfdc5ac-2b8a-45d0-8d1f-b471d1472b99",
              "isHook": true,
              "skipped": false
            }
          ],
          "afterHooks": [],
          "tests": [
            {
              "title": "Backend deve cumprir o contrato esperado",
              "fullTitle": "PROVIDER - Add Category Backend deve cumprir o contrato esperado",
              "timedOut": false,
              "duration": 14,
              "state": "passed",
              "speed": "fast",
              "pass": true,
              "fail": false,
              "pending": false,
              "context": null,
              "code": "await spec()\n  .post(\"http://lojaebac.ebaconline.art.br/api/addCategory\")\n  .withHeaders(\"authorization\", token)\n  .withJson({\n    name: \"Categoria Automática\",\n    description: \"Criada para o teste\"\n  })\n  .expectStatus(200)\n  .expectJsonMatch({\n  success: true,\n  data: {\n_id: like(\"string\"),\nname: \"Categoria Automática\",\ncreatedAt: like(\"string\"),\nupdatedAt: like(\"string\"),\n__v: like(0)\n  }\n});",
              "err": {},
              "uuid": "6cd38bfd-dab4-4218-9515-c9cb50ce4a75",
              "parentUUID": "2dfdc5ac-2b8a-45d0-8d1f-b471d1472b99",
              "isHook": false,
              "skipped": false
            }
          ],
          "suites": [],
          "passes": [
            "6cd38bfd-dab4-4218-9515-c9cb50ce4a75"
          ],
          "failures": [],
          "pending": [],
          "skipped": [],
          "duration": 14,
          "root": false,
          "rootEmpty": false,
          "_timeout": 2000
        },
        {
          "uuid": "b2507dda-b1c4-48d0-a0bc-c65dceda4e33",
          "title": "PROVIDER - Add Product",
          "fullFile": "C:\\repositorio\\ExercicioModulo24\\test\\contract\\addProductProvider.test.js",
          "file": "\\test\\contract\\addProductProvider.test.js",
          "beforeHooks": [
            {
              "title": "\"before all\" hook in \"PROVIDER - Add Product\"",
              "fullTitle": "PROVIDER - Add Product \"before all\" hook in \"PROVIDER - Add Product\"",
              "timedOut": false,
              "duration": 272,
              "state": null,
              "speed": null,
              "pass": false,
              "fail": false,
              "pending": false,
              "context": null,
              "code": "token = await spec()\n      .post(\"http://lojaebac.ebaconline.art.br/public/authUser\")\n      .withJson({\n        email: \"admin@admin.com\",\n        password: \"admin123\"\n      })\n      .expectStatus(200)\n      .returns(\"data.token\");",
              "err": {},
              "uuid": "d8328cab-4ff8-4676-9a20-b3550211a610",
              "parentUUID": "b2507dda-b1c4-48d0-a0bc-c65dceda4e33",
              "isHook": true,
              "skipped": false
            }
          ],
          "afterHooks": [],
          "tests": [
            {
              "title": "Backend deve cumprir o contrato REAL ao adicionar um produto",
              "fullTitle": "PROVIDER - Add Product Backend deve cumprir o contrato REAL ao adicionar um produto",
              "timedOut": false,
              "duration": 14,
              "state": "passed",
              "speed": "fast",
              "pass": true,
              "fail": false,
              "pending": false,
              "context": null,
              "code": "await spec()\n  .post(\"http://lojaebac.ebaconline.art.br/api/addProduct\")\n  .withHeaders(\"authorization\", token)\n  .withJson({\n    name: \"Produto Automático\",\n    price: 20,\n    quantity: 100,\n    visible: true\n  })\n  .expectStatus(200)\n  .expectJsonMatch({\n    success: true,\n    data: {\n      _id: like(\"string\"),\n      name: \"Produto Automático\",\n      price: like(20),\n      quantity: like(100),\n      visible: like(true),\n      createdAt: like(\"string\"),\n      updatedAt: like(\"string\"),\n      __v: like(0)\n    }\n  });",
              "err": {},
              "uuid": "08f4fc4d-64c9-4025-aac1-26b60b1d0f01",
              "parentUUID": "b2507dda-b1c4-48d0-a0bc-c65dceda4e33",
              "isHook": false,
              "skipped": false
            }
          ],
          "suites": [],
          "passes": [
            "08f4fc4d-64c9-4025-aac1-26b60b1d0f01"
          ],
          "failures": [],
          "pending": [],
          "skipped": [],
          "duration": 14,
          "root": false,
          "rootEmpty": false,
          "_timeout": 2000
        }
      ],
      "passes": [
        "9b5cf56e-cc88-44a9-9543-eca27103d747",
        "0ac179bb-0a9c-45ec-804a-c43b6772f194",
        "011b0244-5f72-41a5-9a2a-3c57ab96eb35",
        "b083c58b-06b0-4868-830a-8adc144f9a04",
        "362f4ecb-0d24-4723-a8dd-fad25ab981b4",
        "dfae6ab9-7da9-475d-ac95-82763169f9bb",
        "daa897c6-9dd4-4a96-aa91-622c33cc9503",
        "09a81b6f-cc07-48f4-b736-71c8e965c23a",
        "4a1e670f-51dd-4275-9337-8ccc7125c925"
      ],
      "failures": [],
      "pending": [],
      "skipped": [],
      "duration": 118,
      "root": true,
      "rootEmpty": false,
      "_timeout": 2000
    }
  ],
  "meta": {
    "mocha": {
      "version": "11.7.5"
    },
    "mochawesome": {
      "options": {
        "quiet": false,
        "reportFilename": "mochawesome",
        "saveHtml": true,
        "saveJson": true,
        "consoleReporter": "spec",
        "useInlineDiffs": false,
        "code": true
      },
      "version": "7.1.4"
    },
    "marge": {
      "options": {
        "[object Object]": true
      },
      "version": "6.3.2"
    }
  }
}