{
  "stats": {
    "suites": 2,
    "tests": 11,
    "passes": 11,
    "pending": 0,
    "failures": 0,
    "start": "2026-02-10T14:59:58.562Z",
    "end": "2026-02-10T15:00:01.564Z",
    "duration": 3002,
    "testsRegistered": 11,
    "passPercent": 100,
    "pendingPercent": 0,
    "other": 1,
    "hasOther": true,
    "skipped": 0,
    "hasSkipped": false
  },
  "results": [
    {
      "uuid": "9ea1a020-079e-48d4-82ab-8f0c8a61d341",
      "title": "",
      "fullFile": "",
      "file": "",
      "beforeHooks": [
        {
          "title": "\"before all\" hook in \"{root}\"",
          "fullTitle": "\"before all\" hook in \"{root}\"",
          "timedOut": false,
          "duration": 296,
          "state": null,
          "speed": null,
          "pass": false,
          "fail": false,
          "pending": false,
          "context": null,
          "code": "token = await spec()\n  .post('/public/authUser')\n  .withJson({\n    email: 'admin@admin.com',\n    password: 'admin123'\n  })\n  .expectStatus(200)\n  .returns('data.token');",
          "err": {},
          "uuid": "d285d61b-57dd-4375-b8ad-52d68b82c86f",
          "parentUUID": "9ea1a020-079e-48d4-82ab-8f0c8a61d341",
          "isHook": true,
          "skipped": false
        },
        {
          "title": "\"before all\" hook in \"{root}\"",
          "fullTitle": "\"before all\" hook in \"{root}\"",
          "timedOut": false,
          "duration": 270,
          "state": null,
          "speed": null,
          "pass": false,
          "fail": false,
          "pending": false,
          "context": null,
          "code": "token = await spec()\n    .post('/public/authUser')\n    .withJson({\n      email: 'admin@admin.com',\n      password: 'admin123'\n    })\n    .expectStatus(200)\n    .returns('data.token');\n  categoryId = await spec()\n    .post('/api/addCategory')\n    .withHeaders('authorization', token)\n    .withJson({\n      name: 'Categoria Setup Teste',\n      description: 'Criada no setup global'\n    })\n    .expectStatus(200)\n    .returns('data._id');\n  console.log(\"Categoria criada no setup:\", categoryId);",
          "err": {},
          "uuid": "8949b569-1344-4a4a-8561-5dff6456f270",
          "parentUUID": "9ea1a020-079e-48d4-82ab-8f0c8a61d341",
          "isHook": true,
          "skipped": false
        },
        {
          "title": "\"before all\" hook in \"{root}\"",
          "fullTitle": "\"before all\" hook in \"{root}\"",
          "timedOut": false,
          "duration": 3,
          "state": null,
          "speed": null,
          "pass": false,
          "fail": false,
          "pending": false,
          "context": null,
          "code": "addFlowReporter();\nawait mock.start(4000);",
          "err": {},
          "uuid": "3be373ec-7545-4dc7-b547-f53fe2fe0186",
          "parentUUID": "9ea1a020-079e-48d4-82ab-8f0c8a61d341",
          "isHook": true,
          "skipped": false
        },
        {
          "title": "\"before all\" hook in \"{root}\"",
          "fullTitle": "\"before all\" hook in \"{root}\"",
          "timedOut": false,
          "duration": 255,
          "state": null,
          "speed": null,
          "pass": false,
          "fail": false,
          "pending": false,
          "context": null,
          "code": "token = await spec()\n  .post('/public/authUser')\n  .withJson({\n    email: 'admin@admin.com',\n    password: 'admin123'\n  })\n  .expectStatus(200)\n  .returns('data.token');",
          "err": {},
          "uuid": "84641ed6-e295-4954-998c-b3eaf23fec51",
          "parentUUID": "9ea1a020-079e-48d4-82ab-8f0c8a61d341",
          "isHook": true,
          "skipped": false
        },
        {
          "title": "\"before all\" hook in \"{root}\"",
          "fullTitle": "\"before all\" hook in \"{root}\"",
          "timedOut": false,
          "duration": 272,
          "state": null,
          "speed": null,
          "pass": false,
          "fail": false,
          "pending": false,
          "context": null,
          "code": "token = await spec()\n    .post('/public/authUser')\n    .withJson({\n      email: 'admin@admin.com',\n      password: 'admin123'\n    })\n    .expectStatus(200)\n    .returns('data.token');\n  productId = await spec()\n    .post('/api/addProduct')\n    .withHeaders('authorization', token)\n    .withJson({\n      name: 'Produto Setup Teste',\n      description: 'Criada no setup global',\n      price: 10,\n      quantity: 1,\n      visible: true\n    })\n    .expectStatus(200)\n    .returns('data._id');\n  console.log(\"Produto criado no setup:\", productId);",
          "err": {},
          "uuid": "8666a94c-c6d7-4045-85bb-683390ecdeb6",
          "parentUUID": "9ea1a020-079e-48d4-82ab-8f0c8a61d341",
          "isHook": true,
          "skipped": false
        }
      ],
      "afterHooks": [
        {
          "title": "\"after all\" hook for \"API - Deve deletar o produto\"",
          "fullTitle": "\"after all\" hook for \"API - Deve deletar o produto\"",
          "timedOut": false,
          "duration": 1014,
          "state": "failed",
          "speed": null,
          "pass": false,
          "fail": true,
          "pending": false,
          "context": null,
          "code": "await mock.stop();\nawait reporter.end();",
          "err": {
            "message": "Error: the string \"Failed to authenticate with flows server\" was thrown, throw an Error :)",
            "estack": "Error: the string \"Failed to authenticate with flows server\" was thrown, throw an Error :)\n    at process.processTicksAndRejections (node:internal/process/task_queues:105:5)",
            "diff": null
          },
          "uuid": "ef7b4fbe-aba2-47f4-a0b0-e903ef97ea76",
          "parentUUID": "9ea1a020-079e-48d4-82ab-8f0c8a61d341",
          "isHook": true,
          "skipped": false
        }
      ],
      "tests": [
        {
          "title": "API - Deve adicionar uma categoria com sucesso",
          "fullTitle": "API - Deve adicionar uma categoria com sucesso",
          "timedOut": false,
          "duration": 13,
          "state": "passed",
          "speed": "fast",
          "pass": true,
          "fail": false,
          "pending": false,
          "context": null,
          "code": "categoryId = await spec()\n  .post('/api/addCategory')\n  .withHeaders('authorization', token)\n  .withJson({\n    name: 'Categoria Automática',\n    description: 'Criada para o teste'\n  })\n  .expectStatus(200)\n  .returns('data._id');\nconsole.log(\"ID criada:\", categoryId);",
          "err": {},
          "uuid": "82b99d1f-286a-4c9e-a82d-4f02cb30ce67",
          "parentUUID": "9ea1a020-079e-48d4-82ab-8f0c8a61d341",
          "isHook": false,
          "skipped": false
        },
        {
          "title": "API - Não deve adicionar categoria sem token de autorização",
          "fullTitle": "API - Não deve adicionar categoria sem token de autorização",
          "timedOut": false,
          "duration": 11,
          "state": "passed",
          "speed": "fast",
          "pass": true,
          "fail": false,
          "pending": false,
          "context": null,
          "code": "await spec()\n  .post('/api/addCategory')\n  .withJson({\n    name: 'Categoria Automática',\n    description: 'Criada para o teste'\n  })\n  .expectStatus(403)\n  .expectJson('success', false);",
          "err": {},
          "uuid": "c62f1be5-db69-450a-a971-5c4480fb5fbe",
          "parentUUID": "9ea1a020-079e-48d4-82ab-8f0c8a61d341",
          "isHook": false,
          "skipped": false
        },
        {
          "title": "API - Deve editar a categoria pelo ID",
          "fullTitle": "API - Deve editar a categoria pelo ID",
          "timedOut": false,
          "duration": 19,
          "state": "passed",
          "speed": "fast",
          "pass": true,
          "fail": false,
          "pending": false,
          "context": null,
          "code": "const token = getToken();\n  const categoryId = getCategoryId();\n\n  await spec()\n .put(`/api/editCategory/${categoryId}`)\n .withHeaders('authorization', token)\n .withJson({\n   \n   name: 'Categoria Editada Automático',\n   description: 'Categoria atualizada via teste automático'\n })\n .expectStatus(200)\n .expectJsonLike({\n   success: true\n });",
          "err": {},
          "uuid": "a5bb2c1d-6a55-4ffa-bc6d-f19f401a4556",
          "parentUUID": "9ea1a020-079e-48d4-82ab-8f0c8a61d341",
          "isHook": false,
          "skipped": false
        },
        {
          "title": "API - Deve deletar a categoria pelo ID",
          "fullTitle": "API - Deve deletar a categoria pelo ID",
          "timedOut": false,
          "duration": 19,
          "state": "passed",
          "speed": "fast",
          "pass": true,
          "fail": false,
          "pending": false,
          "context": null,
          "code": "const token = getToken();\n  const categoryId = getCategoryId();\n\n  await spec()\n .delete(`/api/deleteCategory/${categoryId}`)\n .withHeaders('authorization', token)\n .expectStatus(200)\n .expectJsonLike({\n   success: true\n });",
          "err": {},
          "uuid": "2f089d9d-806e-468e-82d7-e6f4c807ba53",
          "parentUUID": "9ea1a020-079e-48d4-82ab-8f0c8a61d341",
          "isHook": false,
          "skipped": false
        },
        {
          "title": "CONTRATO - deve validar o contrato ao adicionar categoria",
          "fullTitle": "CONTRATO - deve validar o contrato ao adicionar categoria",
          "timedOut": false,
          "duration": 10,
          "state": "passed",
          "speed": "fast",
          "pass": true,
          "fail": false,
          "pending": false,
          "context": null,
          "code": "await flow('Add Category')\n  .useInteraction('Add Category Response')\n  .post('http://localhost:4000/api/addCategory')\n  .withJson({\n    name: 'Categoria Automática',\n    description: 'Criada para o teste'\n  })\n  .expectStatus(200)\n  .expectJsonMatch({\n    success: true,\n    data: {\n      _id: like('679f50eb0cf0a913258b286c'),\n      name: like('Categoria Automática'),\n      description: like('Criada para o teste')\n    }\n  });",
          "err": {},
          "uuid": "a4d5d4b8-3359-4775-a458-61574401bab7",
          "parentUUID": "9ea1a020-079e-48d4-82ab-8f0c8a61d341",
          "isHook": false,
          "skipped": false
        },
        {
          "title": "CONTRATO - deve validar o contrato ao adicionar produto",
          "fullTitle": "CONTRATO - deve validar o contrato ao adicionar produto",
          "timedOut": false,
          "duration": 2,
          "state": "passed",
          "speed": "fast",
          "pass": true,
          "fail": false,
          "pending": false,
          "context": null,
          "code": "await flow('Add Product')\n  .useInteraction('Add Product Response')\n  .post('http://localhost:4000/api/addProduct')\n  .withJson({\n    name: 'Produto Automático',\n    price: 99.9,\n    quantity: 10,\n    visible: true\n  })\n  .expectStatus(200)\n  .expectJsonMatch({\n    success: true,\n    data: {\n      _id: like('679f50eb0cf0a913258b999'),\n      name: like('Produto Automático'),\n      price: like(99.9),\n      quantity: like(10),\n      visible: like(true)\n    }\n  });",
          "err": {},
          "uuid": "2828c8b5-ced2-43b7-853e-6a18e957db43",
          "parentUUID": "9ea1a020-079e-48d4-82ab-8f0c8a61d341",
          "isHook": false,
          "skipped": false
        },
        {
          "title": "API - Deve adicionar um produto com sucesso",
          "fullTitle": "API - Deve adicionar um produto com sucesso",
          "timedOut": false,
          "duration": 18,
          "state": "passed",
          "speed": "fast",
          "pass": true,
          "fail": false,
          "pending": false,
          "context": null,
          "code": "productId = await spec()\n  .post('/api/addProduct')\n  .withHeaders('authorization', token)\n  .withJson({\n    name: randomName(),\n    price: randomPrice(),\n    quantity: Math.floor(Math.random() * 100),\n    visible: true\n  })\n  .expectStatus(200)\n  .returns('data._id');\nconsole.log(\"ID criada:\", productId);",
          "err": {},
          "uuid": "6b23a730-7e6d-4398-acb3-766e30683085",
          "parentUUID": "9ea1a020-079e-48d4-82ab-8f0c8a61d341",
          "isHook": false,
          "skipped": false
        },
        {
          "title": "API - Deve editar o Produto pelo ID",
          "fullTitle": "API - Deve editar o Produto pelo ID",
          "timedOut": false,
          "duration": 19,
          "state": "passed",
          "speed": "fast",
          "pass": true,
          "fail": false,
          "pending": false,
          "context": null,
          "code": "const token = getToken();\nconst productId = getProductId();\nawait spec()\n  .put(`/api/editProduct/${productId}`)\n  .withHeaders('authorization', token)\n  .withJson({\n    \n    name: randomName(),\n    price: randomPrice(),\n    quantity: randomQuantity(),\n    visible: true,\n    description: 'Produto atualizado via teste automático'\n  })\n  .expectStatus(200)\n  .expectJsonLike({\n    success: true\n  });\n  console.log('Produto editado com sucesso:', productId);",
          "err": {},
          "uuid": "08394197-d7c8-4a14-a3cb-07cb8dbf3e92",
          "parentUUID": "9ea1a020-079e-48d4-82ab-8f0c8a61d341",
          "isHook": false,
          "skipped": false
        },
        {
          "title": "API - Deve deletar o produto",
          "fullTitle": "API - Deve deletar o produto",
          "timedOut": false,
          "duration": 25,
          "state": "passed",
          "speed": "fast",
          "pass": true,
          "fail": false,
          "pending": false,
          "context": null,
          "code": "const token = getToken();\n  const productId = getProductId();\n\n  await spec()\n .delete(`/api/deleteProduct/${productId}`)\n .withHeaders('authorization', token)\n .expectStatus(200)\n .expectJsonLike({\n   success: true\n });\n console.log('Produto deletado com sucesso:', productId);",
          "err": {},
          "uuid": "7a41bb34-1a50-4b27-ae51-5dd21197bc4e",
          "parentUUID": "9ea1a020-079e-48d4-82ab-8f0c8a61d341",
          "isHook": false,
          "skipped": false
        }
      ],
      "suites": [
        {
          "uuid": "b06b6176-48f5-46d9-a34a-17f18492ce36",
          "title": "PROVIDER - Add Category",
          "fullFile": "C:\\repositorio\\ExercicioModulo24\\test\\contract\\addCategoryProvider.test.js",
          "file": "\\test\\contract\\addCategoryProvider.test.js",
          "beforeHooks": [
            {
              "title": "\"before all\" hook in \"PROVIDER - Add Category\"",
              "fullTitle": "PROVIDER - Add Category \"before all\" hook in \"PROVIDER - Add Category\"",
              "timedOut": false,
              "duration": 284,
              "state": null,
              "speed": null,
              "pass": false,
              "fail": false,
              "pending": false,
              "context": null,
              "code": "token = await spec()\n   .post(\"http://lojaebac.ebaconline.art.br/public/authUser\")\n   .withJson({\n     email: \"admin@admin.com\",\n     password: \"admin123\"\n   })\n   .expectStatus(200)\n   .returns(\"data.token\");",
              "err": {},
              "uuid": "c563db51-61c4-4032-a6e5-b43ebccb3561",
              "parentUUID": "b06b6176-48f5-46d9-a34a-17f18492ce36",
              "isHook": true,
              "skipped": false
            }
          ],
          "afterHooks": [],
          "tests": [
            {
              "title": "Backend deve cumprir o contrato esperado",
              "fullTitle": "PROVIDER - Add Category Backend deve cumprir o contrato esperado",
              "timedOut": false,
              "duration": 15,
              "state": "passed",
              "speed": "fast",
              "pass": true,
              "fail": false,
              "pending": false,
              "context": null,
              "code": "await spec()\n  .post(\"http://lojaebac.ebaconline.art.br/api/addCategory\")\n  .withHeaders(\"authorization\", token)\n  .withJson({\n    name: \"Categoria Automática\",\n    description: \"Criada para o teste\"\n  })\n  .expectStatus(200)\n  .expectJsonMatch({\n  success: true,\n  data: {\n_id: like(\"string\"),\nname: \"Categoria Automática\",\ncreatedAt: like(\"string\"),\nupdatedAt: like(\"string\"),\n__v: like(0)\n  }\n});",
              "err": {},
              "uuid": "f6a3e5a8-6960-4a44-8426-0559dfaf6f10",
              "parentUUID": "b06b6176-48f5-46d9-a34a-17f18492ce36",
              "isHook": false,
              "skipped": false
            }
          ],
          "suites": [],
          "passes": [
            "f6a3e5a8-6960-4a44-8426-0559dfaf6f10"
          ],
          "failures": [],
          "pending": [],
          "skipped": [],
          "duration": 15,
          "root": false,
          "rootEmpty": false,
          "_timeout": 2000
        },
        {
          "uuid": "d7e3b76f-3cbe-429e-a215-f10308155ddb",
          "title": "PROVIDER - Add Product",
          "fullFile": "C:\\repositorio\\ExercicioModulo24\\test\\contract\\addProductProvider.test.js",
          "file": "\\test\\contract\\addProductProvider.test.js",
          "beforeHooks": [
            {
              "title": "\"before all\" hook in \"PROVIDER - Add Product\"",
              "fullTitle": "PROVIDER - Add Product \"before all\" hook in \"PROVIDER - Add Product\"",
              "timedOut": false,
              "duration": 435,
              "state": null,
              "speed": null,
              "pass": false,
              "fail": false,
              "pending": false,
              "context": null,
              "code": "token = await spec()\n      .post(\"http://lojaebac.ebaconline.art.br/public/authUser\")\n      .withJson({\n        email: \"admin@admin.com\",\n        password: \"admin123\"\n      })\n      .expectStatus(200)\n      .returns(\"data.token\");",
              "err": {},
              "uuid": "2167d610-6dfe-4d09-9214-5d031d8d1965",
              "parentUUID": "d7e3b76f-3cbe-429e-a215-f10308155ddb",
              "isHook": true,
              "skipped": false
            }
          ],
          "afterHooks": [],
          "tests": [
            {
              "title": "Backend deve cumprir o contrato REAL ao adicionar um produto",
              "fullTitle": "PROVIDER - Add Product Backend deve cumprir o contrato REAL ao adicionar um produto",
              "timedOut": false,
              "duration": 14,
              "state": "passed",
              "speed": "fast",
              "pass": true,
              "fail": false,
              "pending": false,
              "context": null,
              "code": "await spec()\n  .post(\"http://lojaebac.ebaconline.art.br/api/addProduct\")\n  .withHeaders(\"authorization\", token)\n  .withJson({\n    name: \"Produto Automático\",\n    price: 20,\n    quantity: 100,\n    visible: true\n  })\n  .expectStatus(200)\n  .expectJsonMatch({\n    success: true,\n    data: {\n      _id: like(\"string\"),\n      name: \"Produto Automático\",\n      price: like(20),\n      quantity: like(100),\n      visible: like(true),\n      createdAt: like(\"string\"),\n      updatedAt: like(\"string\"),\n      __v: like(0)\n    }\n  });",
              "err": {},
              "uuid": "0163dc8e-db96-43de-bee8-5a72c2bd0366",
              "parentUUID": "d7e3b76f-3cbe-429e-a215-f10308155ddb",
              "isHook": false,
              "skipped": false
            }
          ],
          "suites": [],
          "passes": [
            "0163dc8e-db96-43de-bee8-5a72c2bd0366"
          ],
          "failures": [],
          "pending": [],
          "skipped": [],
          "duration": 14,
          "root": false,
          "rootEmpty": false,
          "_timeout": 2000
        }
      ],
      "passes": [
        "82b99d1f-286a-4c9e-a82d-4f02cb30ce67",
        "c62f1be5-db69-450a-a971-5c4480fb5fbe",
        "a5bb2c1d-6a55-4ffa-bc6d-f19f401a4556",
        "2f089d9d-806e-468e-82d7-e6f4c807ba53",
        "a4d5d4b8-3359-4775-a458-61574401bab7",
        "2828c8b5-ced2-43b7-853e-6a18e957db43",
        "6b23a730-7e6d-4398-acb3-766e30683085",
        "08394197-d7c8-4a14-a3cb-07cb8dbf3e92",
        "7a41bb34-1a50-4b27-ae51-5dd21197bc4e"
      ],
      "failures": [],
      "pending": [],
      "skipped": [],
      "duration": 136,
      "root": true,
      "rootEmpty": false,
      "_timeout": 2000
    }
  ],
  "meta": {
    "mocha": {
      "version": "11.7.5"
    },
    "mochawesome": {
      "options": {
        "quiet": false,
        "reportFilename": "mochawesome",
        "saveHtml": true,
        "saveJson": true,
        "consoleReporter": "spec",
        "useInlineDiffs": false,
        "code": true
      },
      "version": "7.1.4"
    },
    "marge": {
      "options": {
        "[object Object]": true
      },
      "version": "6.3.2"
    }
  }
}