{
  "stats": {
    "suites": 2,
    "tests": 11,
    "passes": 11,
    "pending": 0,
    "failures": 0,
    "start": "2026-02-10T16:37:03.658Z",
    "end": "2026-02-10T16:37:05.589Z",
    "duration": 1931,
    "testsRegistered": 11,
    "passPercent": 100,
    "pendingPercent": 0,
    "other": 0,
    "hasOther": false,
    "skipped": 0,
    "hasSkipped": false
  },
  "results": [
    {
      "uuid": "cc1b15dc-4d90-43a3-8f3b-b39e22beefef",
      "title": "",
      "fullFile": "",
      "file": "",
      "beforeHooks": [
        {
          "title": "\"before all\" hook in \"{root}\"",
          "fullTitle": "\"before all\" hook in \"{root}\"",
          "timedOut": false,
          "duration": 299,
          "state": null,
          "speed": null,
          "pass": false,
          "fail": false,
          "pending": false,
          "context": null,
          "code": "token = await spec()\n  .post('/public/authUser')\n  .withJson({\n    email: 'admin@admin.com',\n    password: 'admin123'\n  })\n  .expectStatus(200)\n  .returns('data.token');",
          "err": {},
          "uuid": "356b6c32-98ac-492d-86f6-0949b90ba7e3",
          "parentUUID": "cc1b15dc-4d90-43a3-8f3b-b39e22beefef",
          "isHook": true,
          "skipped": false
        },
        {
          "title": "\"before all\" hook in \"{root}\"",
          "fullTitle": "\"before all\" hook in \"{root}\"",
          "timedOut": false,
          "duration": 297,
          "state": null,
          "speed": null,
          "pass": false,
          "fail": false,
          "pending": false,
          "context": null,
          "code": "token = await spec()\n    .post('/public/authUser')\n    .withJson({\n      email: 'admin@admin.com',\n      password: 'admin123'\n    })\n    .expectStatus(200)\n    .returns('data.token');\n  categoryId = await spec()\n    .post('/api/addCategory')\n    .withHeaders('authorization', token)\n    .withJson({\n      name: 'Categoria Setup Teste',\n      description: 'Criada no setup global'\n    })\n    .expectStatus(200)\n    .returns('data._id');\n  console.log(\"Categoria criada no setup:\", categoryId);",
          "err": {},
          "uuid": "6746a95b-78de-4d5b-9bed-8f4da0bc350e",
          "parentUUID": "cc1b15dc-4d90-43a3-8f3b-b39e22beefef",
          "isHook": true,
          "skipped": false
        },
        {
          "title": "\"before all\" hook in \"{root}\"",
          "fullTitle": "\"before all\" hook in \"{root}\"",
          "timedOut": false,
          "duration": 3,
          "state": null,
          "speed": null,
          "pass": false,
          "fail": false,
          "pending": false,
          "context": null,
          "code": "if (ENABLE_FLOW) {\n  addFlowReporter();\n}\nawait mock.start(4000);",
          "err": {},
          "uuid": "dc869150-099a-4947-b1e5-9cefb12c7bc9",
          "parentUUID": "cc1b15dc-4d90-43a3-8f3b-b39e22beefef",
          "isHook": true,
          "skipped": false
        },
        {
          "title": "\"before all\" hook in \"{root}\"",
          "fullTitle": "\"before all\" hook in \"{root}\"",
          "timedOut": false,
          "duration": 319,
          "state": null,
          "speed": null,
          "pass": false,
          "fail": false,
          "pending": false,
          "context": null,
          "code": "token = await spec()\n  .post('/public/authUser')\n  .withJson({\n    email: 'admin@admin.com',\n    password: 'admin123'\n  })\n  .expectStatus(200)\n  .returns('data.token');",
          "err": {},
          "uuid": "4c7c11f6-8fc9-441d-8381-13a64740937e",
          "parentUUID": "cc1b15dc-4d90-43a3-8f3b-b39e22beefef",
          "isHook": true,
          "skipped": false
        },
        {
          "title": "\"before all\" hook in \"{root}\"",
          "fullTitle": "\"before all\" hook in \"{root}\"",
          "timedOut": false,
          "duration": 311,
          "state": null,
          "speed": null,
          "pass": false,
          "fail": false,
          "pending": false,
          "context": null,
          "code": "token = await spec()\n    .post('/public/authUser')\n    .withJson({\n      email: 'admin@admin.com',\n      password: 'admin123'\n    })\n    .expectStatus(200)\n    .returns('data.token');\n  productId = await spec()\n    .post('/api/addProduct')\n    .withHeaders('authorization', token)\n    .withJson({\n      name: 'Produto Setup Teste',\n      description: 'Criada no setup global',\n      price: 10,\n      quantity: 1,\n      visible: true\n    })\n    .expectStatus(200)\n    .returns('data._id');\n  console.log(\"Produto criado no setup:\", productId);",
          "err": {},
          "uuid": "0cfb113a-e4f1-44cb-9f83-1287b8631991",
          "parentUUID": "cc1b15dc-4d90-43a3-8f3b-b39e22beefef",
          "isHook": true,
          "skipped": false
        }
      ],
      "afterHooks": [
        {
          "title": "\"after all\" hook in \"{root}\"",
          "fullTitle": "\"after all\" hook in \"{root}\"",
          "timedOut": false,
          "duration": 2,
          "state": null,
          "speed": null,
          "pass": false,
          "fail": false,
          "pending": false,
          "context": null,
          "code": "await mock.stop();\n// Só tenta finalizar o reporter se o Flow estiver ligado\nif (ENABLE_FLOW) {\n  try {\n    await reporter.end();\n  } catch (err) {\n    console.warn('⚠️ Pactum Flow não disponível, ignorando finalização.');\n  }\n}",
          "err": {},
          "uuid": "efc06588-bdb5-4ccc-8d18-9067fac937e3",
          "parentUUID": "cc1b15dc-4d90-43a3-8f3b-b39e22beefef",
          "isHook": true,
          "skipped": false
        }
      ],
      "tests": [
        {
          "title": "API - Deve adicionar uma categoria com sucesso",
          "fullTitle": "API - Deve adicionar uma categoria com sucesso",
          "timedOut": false,
          "duration": 20,
          "state": "passed",
          "speed": "fast",
          "pass": true,
          "fail": false,
          "pending": false,
          "context": null,
          "code": "categoryId = await spec()\n  .post('/api/addCategory')\n  .withHeaders('authorization', token)\n  .withJson({\n    name: 'Categoria Automática',\n    description: 'Criada para o teste'\n  })\n  .expectStatus(200)\n  .returns('data._id');\nconsole.log(\"ID criada:\", categoryId);",
          "err": {},
          "uuid": "482cc6b3-bfa0-460f-b676-c37c182da664",
          "parentUUID": "cc1b15dc-4d90-43a3-8f3b-b39e22beefef",
          "isHook": false,
          "skipped": false
        },
        {
          "title": "API - Não deve adicionar categoria sem token de autorização",
          "fullTitle": "API - Não deve adicionar categoria sem token de autorização",
          "timedOut": false,
          "duration": 13,
          "state": "passed",
          "speed": "fast",
          "pass": true,
          "fail": false,
          "pending": false,
          "context": null,
          "code": "await spec()\n  .post('/api/addCategory')\n  .withJson({\n    name: 'Categoria Automática',\n    description: 'Criada para o teste'\n  })\n  .expectStatus(403)\n  .expectJson('success', false);",
          "err": {},
          "uuid": "663e7e87-a669-49a7-bcb5-ab0269737d73",
          "parentUUID": "cc1b15dc-4d90-43a3-8f3b-b39e22beefef",
          "isHook": false,
          "skipped": false
        },
        {
          "title": "API - Deve editar a categoria pelo ID",
          "fullTitle": "API - Deve editar a categoria pelo ID",
          "timedOut": false,
          "duration": 22,
          "state": "passed",
          "speed": "fast",
          "pass": true,
          "fail": false,
          "pending": false,
          "context": null,
          "code": "const token = getToken();\n  const categoryId = getCategoryId();\n\n  await spec()\n .put(`/api/editCategory/${categoryId}`)\n .withHeaders('authorization', token)\n .withJson({\n   \n   name: 'Categoria Editada Automático',\n   description: 'Categoria atualizada via teste automático'\n })\n .expectStatus(200)\n .expectJsonLike({\n   success: true\n });",
          "err": {},
          "uuid": "b82154f9-4e97-4874-9440-237b1988ed8d",
          "parentUUID": "cc1b15dc-4d90-43a3-8f3b-b39e22beefef",
          "isHook": false,
          "skipped": false
        },
        {
          "title": "API - Deve deletar a categoria pelo ID",
          "fullTitle": "API - Deve deletar a categoria pelo ID",
          "timedOut": false,
          "duration": 19,
          "state": "passed",
          "speed": "fast",
          "pass": true,
          "fail": false,
          "pending": false,
          "context": null,
          "code": "const token = getToken();\n  const categoryId = getCategoryId();\n\n  await spec()\n .delete(`/api/deleteCategory/${categoryId}`)\n .withHeaders('authorization', token)\n .expectStatus(200)\n .expectJsonLike({\n   success: true\n });",
          "err": {},
          "uuid": "b46a95de-059b-4986-b5fc-a21a3376d85b",
          "parentUUID": "cc1b15dc-4d90-43a3-8f3b-b39e22beefef",
          "isHook": false,
          "skipped": false
        },
        {
          "title": "CONTRATO - deve validar o contrato ao adicionar categoria",
          "fullTitle": "CONTRATO - deve validar o contrato ao adicionar categoria",
          "timedOut": false,
          "duration": 9,
          "state": "passed",
          "speed": "fast",
          "pass": true,
          "fail": false,
          "pending": false,
          "context": null,
          "code": "await flow('Add Category')\n  .useInteraction('Add Category Response')\n  .post('http://localhost:4000/api/addCategory')\n  .withJson({\n    name: 'Categoria Automática',\n    description: 'Criada para o teste'\n  })\n  .expectStatus(200)\n  .expectJsonMatch({\n    success: true,\n    data: {\n      _id: like('679f50eb0cf0a913258b286c'),\n      name: like('Categoria Automática'),\n      description: like('Criada para o teste')\n    }\n  });",
          "err": {},
          "uuid": "5d0ea1e6-f658-49e5-92d4-a198460f8407",
          "parentUUID": "cc1b15dc-4d90-43a3-8f3b-b39e22beefef",
          "isHook": false,
          "skipped": false
        },
        {
          "title": "CONTRATO - deve validar o contrato ao adicionar produto",
          "fullTitle": "CONTRATO - deve validar o contrato ao adicionar produto",
          "timedOut": false,
          "duration": 2,
          "state": "passed",
          "speed": "fast",
          "pass": true,
          "fail": false,
          "pending": false,
          "context": null,
          "code": "await flow('Add Product')\n  .useInteraction('Add Product Response')\n  .post('http://localhost:4000/api/addProduct')\n  .withJson({\n    name: 'Produto Automático',\n    price: 99.9,\n    quantity: 10,\n    visible: true\n  })\n  .expectStatus(200)\n  .expectJsonMatch({\n    success: true,\n    data: {\n      _id: like('679f50eb0cf0a913258b999'),\n      name: like('Produto Automático'),\n      price: like(99.9),\n      quantity: like(10),\n      visible: like(true)\n    }\n  });",
          "err": {},
          "uuid": "8c3522c7-41c1-4bc5-86c8-3f7b3a4034e0",
          "parentUUID": "cc1b15dc-4d90-43a3-8f3b-b39e22beefef",
          "isHook": false,
          "skipped": false
        },
        {
          "title": "API - Deve adicionar um produto com sucesso",
          "fullTitle": "API - Deve adicionar um produto com sucesso",
          "timedOut": false,
          "duration": 16,
          "state": "passed",
          "speed": "fast",
          "pass": true,
          "fail": false,
          "pending": false,
          "context": null,
          "code": "productId = await spec()\n  .post('/api/addProduct')\n  .withHeaders('authorization', token)\n  .withJson({\n    name: randomName(),\n    price: randomPrice(),\n    quantity: Math.floor(Math.random() * 100),\n    visible: true\n  })\n  .expectStatus(200)\n  .returns('data._id');\nconsole.log(\"ID criada:\", productId);",
          "err": {},
          "uuid": "e07d86c7-180f-4b2f-ade7-d93dc6d6664b",
          "parentUUID": "cc1b15dc-4d90-43a3-8f3b-b39e22beefef",
          "isHook": false,
          "skipped": false
        },
        {
          "title": "API - Deve editar o Produto pelo ID",
          "fullTitle": "API - Deve editar o Produto pelo ID",
          "timedOut": false,
          "duration": 17,
          "state": "passed",
          "speed": "fast",
          "pass": true,
          "fail": false,
          "pending": false,
          "context": null,
          "code": "const token = getToken();\nconst productId = getProductId();\nawait spec()\n  .put(`/api/editProduct/${productId}`)\n  .withHeaders('authorization', token)\n  .withJson({\n    \n    name: randomName(),\n    price: randomPrice(),\n    quantity: randomQuantity(),\n    visible: true,\n    description: 'Produto atualizado via teste automático'\n  })\n  .expectStatus(200)\n  .expectJsonLike({\n    success: true\n  });\n  console.log('Produto editado com sucesso:', productId);",
          "err": {},
          "uuid": "b679a894-c6ec-496b-bf6f-85fb4733daec",
          "parentUUID": "cc1b15dc-4d90-43a3-8f3b-b39e22beefef",
          "isHook": false,
          "skipped": false
        },
        {
          "title": "API - Deve deletar o produto",
          "fullTitle": "API - Deve deletar o produto",
          "timedOut": false,
          "duration": 21,
          "state": "passed",
          "speed": "fast",
          "pass": true,
          "fail": false,
          "pending": false,
          "context": null,
          "code": "const token = getToken();\n  const productId = getProductId();\n\n  await spec()\n .delete(`/api/deleteProduct/${productId}`)\n .withHeaders('authorization', token)\n .expectStatus(200)\n .expectJsonLike({\n   success: true\n });\n console.log('Produto deletado com sucesso:', productId);",
          "err": {},
          "uuid": "5d710e6d-7d9b-4e3f-a159-5f1c46d3e628",
          "parentUUID": "cc1b15dc-4d90-43a3-8f3b-b39e22beefef",
          "isHook": false,
          "skipped": false
        }
      ],
      "suites": [
        {
          "uuid": "ef5d610c-4378-4767-a000-8ae752fbc7ed",
          "title": "PROVIDER - Add Category",
          "fullFile": "C:\\repositorio\\ExercicioModulo24\\test\\contract\\addCategoryProvider.test.js",
          "file": "\\test\\contract\\addCategoryProvider.test.js",
          "beforeHooks": [
            {
              "title": "\"before all\" hook in \"PROVIDER - Add Category\"",
              "fullTitle": "PROVIDER - Add Category \"before all\" hook in \"PROVIDER - Add Category\"",
              "timedOut": false,
              "duration": 264,
              "state": null,
              "speed": null,
              "pass": false,
              "fail": false,
              "pending": false,
              "context": null,
              "code": "token = await spec()\n   .post(\"http://lojaebac.ebaconline.art.br/public/authUser\")\n   .withJson({\n     email: \"admin@admin.com\",\n     password: \"admin123\"\n   })\n   .expectStatus(200)\n   .returns(\"data.token\");",
              "err": {},
              "uuid": "fbafa671-04f9-451d-a9ec-2e5a49688875",
              "parentUUID": "ef5d610c-4378-4767-a000-8ae752fbc7ed",
              "isHook": true,
              "skipped": false
            }
          ],
          "afterHooks": [],
          "tests": [
            {
              "title": "Backend deve cumprir o contrato esperado",
              "fullTitle": "PROVIDER - Add Category Backend deve cumprir o contrato esperado",
              "timedOut": false,
              "duration": 13,
              "state": "passed",
              "speed": "fast",
              "pass": true,
              "fail": false,
              "pending": false,
              "context": null,
              "code": "await spec()\n  .post(\"http://lojaebac.ebaconline.art.br/api/addCategory\")\n  .withHeaders(\"authorization\", token)\n  .withJson({\n    name: \"Categoria Automática\",\n    description: \"Criada para o teste\"\n  })\n  .expectStatus(200)\n  .expectJsonMatch({\n  success: true,\n  data: {\n_id: like(\"string\"),\nname: \"Categoria Automática\",\ncreatedAt: like(\"string\"),\nupdatedAt: like(\"string\"),\n__v: like(0)\n  }\n});",
              "err": {},
              "uuid": "c7b0c125-0815-4a73-8c05-64960b54761c",
              "parentUUID": "ef5d610c-4378-4767-a000-8ae752fbc7ed",
              "isHook": false,
              "skipped": false
            }
          ],
          "suites": [],
          "passes": [
            "c7b0c125-0815-4a73-8c05-64960b54761c"
          ],
          "failures": [],
          "pending": [],
          "skipped": [],
          "duration": 13,
          "root": false,
          "rootEmpty": false,
          "_timeout": 2000
        },
        {
          "uuid": "2080a20d-f630-4759-b0e5-a5c4a9259deb",
          "title": "PROVIDER - Add Product",
          "fullFile": "C:\\repositorio\\ExercicioModulo24\\test\\contract\\addProductProvider.test.js",
          "file": "\\test\\contract\\addProductProvider.test.js",
          "beforeHooks": [
            {
              "title": "\"before all\" hook in \"PROVIDER - Add Product\"",
              "fullTitle": "PROVIDER - Add Product \"before all\" hook in \"PROVIDER - Add Product\"",
              "timedOut": false,
              "duration": 260,
              "state": null,
              "speed": null,
              "pass": false,
              "fail": false,
              "pending": false,
              "context": null,
              "code": "token = await spec()\n      .post(\"http://lojaebac.ebaconline.art.br/public/authUser\")\n      .withJson({\n        email: \"admin@admin.com\",\n        password: \"admin123\"\n      })\n      .expectStatus(200)\n      .returns(\"data.token\");",
              "err": {},
              "uuid": "e89e5960-b954-4074-ab80-0bbb59bf1ee7",
              "parentUUID": "2080a20d-f630-4759-b0e5-a5c4a9259deb",
              "isHook": true,
              "skipped": false
            }
          ],
          "afterHooks": [],
          "tests": [
            {
              "title": "Backend deve cumprir o contrato REAL ao adicionar um produto",
              "fullTitle": "PROVIDER - Add Product Backend deve cumprir o contrato REAL ao adicionar um produto",
              "timedOut": false,
              "duration": 15,
              "state": "passed",
              "speed": "fast",
              "pass": true,
              "fail": false,
              "pending": false,
              "context": null,
              "code": "await spec()\n  .post(\"http://lojaebac.ebaconline.art.br/api/addProduct\")\n  .withHeaders(\"authorization\", token)\n  .withJson({\n    name: \"Produto Automático\",\n    price: 20,\n    quantity: 100,\n    visible: true\n  })\n  .expectStatus(200)\n  .expectJsonMatch({\n    success: true,\n    data: {\n      _id: like(\"string\"),\n      name: \"Produto Automático\",\n      price: like(20),\n      quantity: like(100),\n      visible: like(true),\n      createdAt: like(\"string\"),\n      updatedAt: like(\"string\"),\n      __v: like(0)\n    }\n  });",
              "err": {},
              "uuid": "3c431924-0a7b-4b03-aa4d-b567a6f35805",
              "parentUUID": "2080a20d-f630-4759-b0e5-a5c4a9259deb",
              "isHook": false,
              "skipped": false
            }
          ],
          "suites": [],
          "passes": [
            "3c431924-0a7b-4b03-aa4d-b567a6f35805"
          ],
          "failures": [],
          "pending": [],
          "skipped": [],
          "duration": 15,
          "root": false,
          "rootEmpty": false,
          "_timeout": 2000
        }
      ],
      "passes": [
        "482cc6b3-bfa0-460f-b676-c37c182da664",
        "663e7e87-a669-49a7-bcb5-ab0269737d73",
        "b82154f9-4e97-4874-9440-237b1988ed8d",
        "b46a95de-059b-4986-b5fc-a21a3376d85b",
        "5d0ea1e6-f658-49e5-92d4-a198460f8407",
        "8c3522c7-41c1-4bc5-86c8-3f7b3a4034e0",
        "e07d86c7-180f-4b2f-ade7-d93dc6d6664b",
        "b679a894-c6ec-496b-bf6f-85fb4733daec",
        "5d710e6d-7d9b-4e3f-a159-5f1c46d3e628"
      ],
      "failures": [],
      "pending": [],
      "skipped": [],
      "duration": 139,
      "root": true,
      "rootEmpty": false,
      "_timeout": 2000
    }
  ],
  "meta": {
    "mocha": {
      "version": "11.7.5"
    },
    "mochawesome": {
      "options": {
        "quiet": false,
        "reportFilename": "mochawesome",
        "saveHtml": true,
        "saveJson": true,
        "consoleReporter": "spec",
        "useInlineDiffs": false,
        "code": true
      },
      "version": "7.1.4"
    },
    "marge": {
      "options": {
        "[object Object]": true
      },
      "version": "6.3.2"
    }
  }
}